#
# A fatal error has been detected by the Java Runtime Environment:
#
#  SIGSEGV (0xb) at pc=0x00007efe769b26dc, pid=5027, tid=5067
#
# JRE version: OpenJDK Runtime Environment (10.0.2+13) (build 10.0.2+13-Ubuntu-1ubuntu0.18.04.2)
# Java VM: OpenJDK 64-Bit Server VM (10.0.2+13-Ubuntu-1ubuntu0.18.04.2, mixed mode, tiered, compressed oops, g1 gc, linux-amd64)
# Problematic frame:
# V  [libjvm.so+0x7a96dc]
#
# Core dump will be written. Default location: Core dumps may be processed with "/usr/share/apport/apport %p %s %c %d %P" (or dumping to /home/blank/IdeaProjects/Prog2Exercises/core.5027)
#
# If you would like to submit a bug report, please visit:
#   http://bugreport.java.com/bugreport/crash.jsp
#

---------------  S U M M A R Y ------------

Command Line: -agentlib:jdwp=transport=dt_socket,address=127.0.0.1:41225,suspend=y,server=n -javaagent:/opt/intellij-idea-community/lib/rt/debugger-agent.jar=file:/tmp/capture.props -Dfile.encoding=UTF-8 aufgabe3.Evaluator

Host: Intel(R) Core(TM) i5-8250U CPU @ 1.60GHz, 8 cores, 7G, Ubuntu 18.04.1 LTS
Time: Wed Oct 31 14:15:35 2018 CET elapsed time: 1375 seconds (0d 0h 22m 55s)

---------------  T H R E A D  ---------------

Current thread (0x00007efe70165800):  VMThread "VM Thread" [stack: 0x00007efe5461a000,0x00007efe5471a000] [id=5067]

Stack: [0x00007efe5461a000,0x00007efe5471a000],  sp=0x00007efe547185a0,  free space=1017k
Native frames: (J=compiled Java code, A=aot compiled Java code, j=interpreted, Vv=VM code, C=native code)
V  [libjvm.so+0x7a96dc]
V  [libjvm.so+0x7abf44]
V  [libjvm.so+0x7aea0d]
V  [libjvm.so+0x7aedb9]
V  [libjvm.so+0xb1f0aa]
V  [libjvm.so+0xb1f731]
V  [libjvm.so+0xabdd76]
V  [libjvm.so+0x95085c]
V  [libjvm.so+0xd387d1]
V  [libjvm.so+0xd35a9b]
V  [libjvm.so+0xd370be]
V  [libjvm.so+0xd374e8]
V  [libjvm.so+0xb33ca0]


siginfo: si_signo: 11 (SIGSEGV), si_code: 1 (SEGV_MAPERR), si_addr: 0x0000000000000006

Register to memory mapping:

RAX=0x0000000000000000 is an unknown value
RBX=0x00007efe54718870 is an unknown value
RCX=0x00007efe76fa72e8: <offset 0x0000000000d9e2e8> in /usr/lib/jvm/java-11-openjdk-amd64/lib/server/libjvm.so at 0x00007efe76209000
RDX=0x0000000000000000 is an unknown value
RSP=0x00007efe547185a0 is an unknown value
RBP=0x00007efe54718610 is an unknown value
RSI=0x0000000000000000 is an unknown value
RDI=0x00007efe21c731d0 is pointing into metadata
R8 ={method} {0x00007efe21c73c78} 'eval' '(Ljava/lang/String;)Ljava/lang/Double;' in 'aufgabe3/Evaluator'
R9 =0x0000000000000000 is an unknown value
R10=0x0000000000000044 is an unknown value
R11=0x0000000047000000 is an unknown value
R12=0x00007efe21c731d0 is pointing into metadata
R13=0x0000000000000044 is an unknown value
R14=0x00007efe21c73c3c is pointing into metadata
R15=0x00007efe54718870 is an unknown value


Registers:
RAX=0x0000000000000000, RBX=0x00007efe54718870, RCX=0x00007efe76fa72e8, RDX=0x0000000000000000
RSP=0x00007efe547185a0, RBP=0x00007efe54718610, RSI=0x0000000000000000, RDI=0x00007efe21c731d0
R8 =0x00007efe21c73c78, R9 =0x0000000000000000, R10=0x0000000000000044, R11=0x0000000047000000
R12=0x00007efe21c731d0, R13=0x0000000000000044, R14=0x00007efe21c73c3c, R15=0x00007efe54718870
RIP=0x00007efe769b26dc, EFLAGS=0x0000000000010246, CSGSFS=0x002b000000000033, ERR=0x0000000000000004
  TRAPNO=0x000000000000000e

Top of Stack: (sp=0x00007efe547185a0)
0x00007efe547185a0:   00007efe547185e0 0000003800000004
0x00007efe547185b0:   000000004600001d 0000000000000004
0x00007efe547185c0:   8fffffff00000000 8fffffff8fffffff
0x00007efe547185d0:   00007efe8fffffff 0000003000000010 

Instructions: (pc=0x00007efe769b26dc)
0x00007efe769b26bc:   8b 40 08 4c 8b 60 08 4c 89 e7 e8 05 4a e9 ff 4c
0x00007efe769b26cc:   89 e7 89 c6 e8 9b 4b e9 ff 48 98 49 8b 44 c4 40
0x00007efe769b26dc:   0f b6 40 06 3c 4c 0f 84 86 21 00 00 3c 5b 0f 84
0x00007efe769b26ec:   7e 21 00 00 3c 4a 0f 84 ca 22 00 00 3c 44 0f 84 

VM_Operation (0x00007efe215f89d0): GetOrSetLocal, mode: safepoint, requested by thread 0x00007efe70222000


---------------  P R O C E S S  ---------------

Threads class SMR info:
_java_thread_list=0x00007efe702a1400, length=14, elements={
0x00007efe70015800, 0x00007efe7016f800, 0x00007efe70171800, 0x00007efe70182000,
0x00007efe70184800, 0x00007efe70186800, 0x00007efe70188800, 0x00007efe7018a800,
0x00007efe7018c000, 0x00007efe70222000, 0x00007efe70226000, 0x00007efdd8001800,
0x00007efe70239000, 0x00007efe702a0000
}

Java Threads: ( => current thread )
  0x00007efe70015800 JavaThread "main" [_thread_blocked, id=5037, stack(0x00007efe7822b000,0x00007efe7832c000)]
  0x00007efe7016f800 JavaThread "Reference Handler" daemon [_thread_blocked, id=5070, stack(0x00007efe54517000,0x00007efe54618000)]
  0x00007efe70171800 JavaThread "Finalizer" daemon [_thread_blocked, id=5071, stack(0x00007efe54416000,0x00007efe54517000)]
  0x00007efe70182000 JavaThread "Signal Dispatcher" daemon [_thread_blocked, id=5072, stack(0x00007efe54315000,0x00007efe54416000)]
  0x00007efe70184800 JavaThread "C2 CompilerThread0" daemon [_thread_blocked, id=5073, stack(0x00007efe54214000,0x00007efe54315000)]
  0x00007efe70186800 JavaThread "C2 CompilerThread1" daemon [_thread_blocked, id=5074, stack(0x00007efe54113000,0x00007efe54214000)]
  0x00007efe70188800 JavaThread "C2 CompilerThread2" daemon [_thread_blocked, id=5076, stack(0x00007efe54012000,0x00007efe54113000)]
  0x00007efe7018a800 JavaThread "C1 CompilerThread3" daemon [_thread_blocked, id=5077, stack(0x00007efe3419f000,0x00007efe342a0000)]
  0x00007efe7018c000 JavaThread "Sweeper thread" daemon [_thread_blocked, id=5078, stack(0x00007efe3409e000,0x00007efe3419f000)]
  0x00007efe70222000 JavaThread "JDWP Transport Listener: dt_socket" daemon [_thread_blocked, id=5080, stack(0x00007efe214f9000,0x00007efe215fa000)] _threads_hazard_ptr=0x00007efe702a1400
  0x00007efe70226000 JavaThread "JDWP Event Helper Thread" daemon [_thread_blocked, id=5082, stack(0x00007efe213f8000,0x00007efe214f9000)]
  0x00007efdd8001800 JavaThread "JDWP Command Reader" daemon [_thread_in_native, id=5083, stack(0x00007efe212f7000,0x00007efe213f8000)]
  0x00007efe70239000 JavaThread "Common-Cleaner" daemon [_thread_blocked, id=5085, stack(0x00007efe211f6000,0x00007efe212f7000)]
  0x00007efe702a0000 JavaThread "Service Thread" daemon [_thread_blocked, id=5086, stack(0x00007efe20ccb000,0x00007efe20dcc000)]

Other Threads:
=>0x00007efe70165800 VMThread "VM Thread" [stack: 0x00007efe5461a000,0x00007efe5471a000] [id=5067]
  0x00007efe702a3800 WatcherThread [stack: 0x00007efe20bcb000,0x00007efe20ccb000] [id=5087]
  0x00007efe7002e800 GCTaskThread "GC Thread#0" [stack: 0x00007efe5764a000,0x00007efe5774a000] [id=5038]
  0x00007efe70030000 GCTaskThread "GC Thread#1" [stack: 0x00007efe57548000,0x00007efe57648000] [id=5039]
  0x00007efe70031800 GCTaskThread "GC Thread#2" [stack: 0x00007efe57446000,0x00007efe57546000] [id=5040]
  0x00007efe70033000 GCTaskThread "GC Thread#3" [stack: 0x00007efe57344000,0x00007efe57444000] [id=5041]
  0x00007efe70035000 GCTaskThread "GC Thread#4" [stack: 0x00007efe57242000,0x00007efe57342000] [id=5042]
  0x00007efe70036800 GCTaskThread "GC Thread#5" [stack: 0x00007efe57140000,0x00007efe57240000] [id=5043]
  0x00007efe70038800 GCTaskThread "GC Thread#6" [stack: 0x00007efe5703e000,0x00007efe5713e000] [id=5044]
  0x00007efe7003a000 GCTaskThread "GC Thread#7" [stack: 0x00007efe56f3c000,0x00007efe5703c000] [id=5045]
  0x00007efe70063800 ConcurrentGCThread "G1 Main Marker" [stack: 0x00007efe55ab0000,0x00007efe55bb0000] [id=5046]
  0x00007efe70065000 ConcurrentGCThread "G1 Conc#0" [stack: 0x00007efe559ae000,0x00007efe55aae000] [id=5047]
  0x00007efe70067000 ConcurrentGCThread "G1 Conc#1" [stack: 0x00007efe558ac000,0x00007efe559ac000] [id=5048]
  0x00007efe700cf800 ConcurrentGCThread "G1 Refine#0" [stack: 0x00007efe54fa2000,0x00007efe550a2000] [id=5050]
  0x00007efe700d1000 ConcurrentGCThread "G1 Refine#1" [stack: 0x00007efe54ea0000,0x00007efe54fa0000] [id=5051]
  0x00007efe700d3000 ConcurrentGCThread "G1 Refine#2" [stack: 0x00007efe54d9e000,0x00007efe54e9e000] [id=5052]
  0x00007efe700d4800 ConcurrentGCThread "G1 Refine#3" [stack: 0x00007efe54c9c000,0x00007efe54d9c000] [id=5053]
  0x00007efe700d6800 ConcurrentGCThread "G1 Refine#4" [stack: 0x00007efe54b9a000,0x00007efe54c9a000] [id=5059]
  0x00007efe700d8000 ConcurrentGCThread "G1 Refine#5" [stack: 0x00007efe54a98000,0x00007efe54b98000] [id=5062]
  0x00007efe700d9800 ConcurrentGCThread "G1 Refine#6" [stack: 0x00007efe54996000,0x00007efe54a96000] [id=5064]
  0x00007efe700db800 ConcurrentGCThread "G1 Refine#7" [stack: 0x00007efe54894000,0x00007efe54994000] [id=5065]
  0x00007efe700dd000 ConcurrentGCThread "G1 Young RemSet Sampling" [stack: 0x00007efe54792000,0x00007efe54892000] [id=5066]

Threads with active compile tasks:

VM state:at safepoint (normal execution)

VM Mutex/Monitor currently owned by a thread:  ([mutex/lock_event])
[0x00007efe70011e80] Threads_lock - owner thread: 0x00007efe70165800

Heap address: 0x0000000085400000, size: 1964 MB, Compressed Oops mode: 32-bit
Narrow klass base: 0x0000000000000000, Narrow klass shift: 3
Compressed class space size: 1073741824 Address: 0x0000000100000000

Heap:
 garbage-first heap   total 126976K, used 5120K [0x0000000085400000, 0x0000000100000000)
  region size 1024K, 6 young (6144K), 0 survivors (0K)
 Metaspace       used 7276K, capacity 7423K, committed 7680K, reserved 1056768K
  class space    used 591K, capacity 665K, committed 768K, reserved 1048576K
Heap Regions: E=young(eden), S=young(survivor), O=old, HS=humongous(starts), HC=humongous(continues), CS=collection set, F=free, A=archive, TS=gc time stamp, AC=allocation context, TAMS=top-at-mark-start (previous, next)
|   0|0x0000000085400000, 0x0000000085400000, 0x0000000085500000|  0%| F|  |TS  0|AC  0|TAMS 0x0000000085400000, 0x0000000085400000|
|   1|0x0000000085500000, 0x0000000085500000, 0x0000000085600000|  0%| F|  |TS  0|AC  0|TAMS 0x0000000085500000, 0x0000000085500000|
|   2|0x0000000085600000, 0x0000000085600000, 0x0000000085700000|  0%| F|  |TS  0|AC  0|TAMS 0x0000000085600000, 0x0000000085600000|
|   3|0x0000000085700000, 0x0000000085700000, 0x0000000085800000|  0%| F|  |TS  0|AC  0|TAMS 0x0000000085700000, 0x0000000085700000|
|   4|0x0000000085800000, 0x0000000085800000, 0x0000000085900000|  0%| F|  |TS  0|AC  0|TAMS 0x0000000085800000, 0x0000000085800000|
|   5|0x0000000085900000, 0x0000000085900000, 0x0000000085a00000|  0%| F|  |TS  0|AC  0|TAMS 0x0000000085900000, 0x0000000085900000|
|   6|0x0000000085a00000, 0x0000000085a00000, 0x0000000085b00000|  0%| F|  |TS  0|AC  0|TAMS 0x0000000085a00000, 0x0000000085a00000|
|   7|0x0000000085b00000, 0x0000000085b00000, 0x0000000085c00000|  0%| F|  |TS  0|AC  0|TAMS 0x0000000085b00000, 0x0000000085b00000|
|   8|0x0000000085c00000, 0x0000000085c00000, 0x0000000085d00000|  0%| F|  |TS  0|AC  0|TAMS 0x0000000085c00000, 0x0000000085c00000|
|   9|0x0000000085d00000, 0x0000000085d00000, 0x0000000085e00000|  0%| F|  |TS  0|AC  0|TAMS 0x0000000085d00000, 0x0000000085d00000|
|  10|0x0000000085e00000, 0x0000000085e00000, 0x0000000085f00000|  0%| F|  |TS  0|AC  0|TAMS 0x0000000085e00000, 0x0000000085e00000|
|  11|0x0000000085f00000, 0x0000000085f00000, 0x0000000086000000|  0%| F|  |TS  0|AC  0|TAMS 0x0000000085f00000, 0x0000000085f00000|
|  12|0x0000000086000000, 0x0000000086000000, 0x0000000086100000|  0%| F|  |TS  0|AC  0|TAMS 0x0000000086000000, 0x0000000086000000|
|  13|0x0000000086100000, 0x0000000086100000, 0x0000000086200000|  0%| F|  |TS  0|AC  0|TAMS 0x0000000086100000, 0x0000000086100000|
|  14|0x0000000086200000, 0x0000000086200000, 0x0000000086300000|  0%| F|  |TS  0|AC  0|TAMS 0x0000000086200000, 0x0000000086200000|
|  15|0x0000000086300000, 0x0000000086300000, 0x0000000086400000|  0%| F|  |TS  0|AC  0|TAMS 0x0000000086300000, 0x0000000086300000|
|  16|0x0000000086400000, 0x0000000086400000, 0x0000000086500000|  0%| F|  |TS  0|AC  0|TAMS 0x0000000086400000, 0x0000000086400000|
|  17|0x0000000086500000, 0x0000000086500000, 0x0000000086600000|  0%| F|  |TS  0|AC  0|TAMS 0x0000000086500000, 0x0000000086500000|
|  18|0x0000000086600000, 0x0000000086600000, 0x0000000086700000|  0%| F|  |TS  0|AC  0|TAMS 0x0000000086600000, 0x0000000086600000|
|  19|0x0000000086700000, 0x0000000086700000, 0x0000000086800000|  0%| F|  |TS  0|AC  0|TAMS 0x0000000086700000, 0x0000000086700000|
|  20|0x0000000086800000, 0x0000000086800000, 0x0000000086900000|  0%| F|  |TS  0|AC  0|TAMS 0x0000000086800000, 0x0000000086800000|
|  21|0x0000000086900000, 0x0000000086900000, 0x0000000086a00000|  0%| F|  |TS  0|AC  0|TAMS 0x0000000086900000, 0x0000000086900000|
|  22|0x0000000086a00000, 0x0000000086a00000, 0x0000000086b00000|  0%| F|  |TS  0|AC  0|TAMS 0x0000000086a00000, 0x0000000086a00000|
|  23|0x0000000086b00000, 0x0000000086b00000, 0x0000000086c00000|  0%| F|  |TS  0|AC  0|TAMS 0x0000000086b00000, 0x0000000086b00000|
|  24|0x0000000086c00000, 0x0000000086c00000, 0x0000000086d00000|  0%| F|  |TS  0|AC  0|TAMS 0x0000000086c00000, 0x0000000086c00000|
|  25|0x0000000086d00000, 0x0000000086d00000, 0x0000000086e00000|  0%| F|  |TS  0|AC  0|TAMS 0x0000000086d00000, 0x0000000086d00000|
|  26|0x0000000086e00000, 0x0000000086e00000, 0x0000000086f00000|  0%| F|  |TS  0|AC  0|TAMS 0x0000000086e00000, 0x0000000086e00000|
|  27|0x0000000086f00000, 0x0000000086f00000, 0x0000000087000000|  0%| F|  |TS  0|AC  0|TAMS 0x0000000086f00000, 0x0000000086f00000|
|  28|0x0000000087000000, 0x0000000087000000, 0x0000000087100000|  0%| F|  |TS  0|AC  0|TAMS 0x0000000087000000, 0x0000000087000000|
|  29|0x0000000087100000, 0x0000000087100000, 0x0000000087200000|  0%| F|  |TS  0|AC  0|TAMS 0x0000000087100000, 0x0000000087100000|
|  30|0x0000000087200000, 0x0000000087200000, 0x0000000087300000|  0%| F|  |TS  0|AC  0|TAMS 0x0000000087200000, 0x0000000087200000|
|  31|0x0000000087300000, 0x0000000087300000, 0x0000000087400000|  0%| F|  |TS  0|AC  0|TAMS 0x0000000087300000, 0x0000000087300000|
|  32|0x0000000087400000, 0x0000000087400000, 0x0000000087500000|  0%| F|  |TS  0|AC  0|TAMS 0x0000000087400000, 0x0000000087400000|
|  33|0x0000000087500000, 0x0000000087500000, 0x0000000087600000|  0%| F|  |TS  0|AC  0|TAMS 0x0000000087500000, 0x0000000087500000|
|  34|0x0000000087600000, 0x0000000087600000, 0x0000000087700000|  0%| F|  |TS  0|AC  0|TAMS 0x0000000087600000, 0x0000000087600000|
|  35|0x0000000087700000, 0x0000000087700000, 0x0000000087800000|  0%| F|  |TS  0|AC  0|TAMS 0x0000000087700000, 0x0000000087700000|
|  36|0x0000000087800000, 0x0000000087800000, 0x0000000087900000|  0%| F|  |TS  0|AC  0|TAMS 0x0000000087800000, 0x0000000087800000|
|  37|0x0000000087900000, 0x0000000087900000, 0x0000000087a00000|  0%| F|  |TS  0|AC  0|TAMS 0x0000000087900000, 0x0000000087900000|
|  38|0x0000000087a00000, 0x0000000087a00000, 0x0000000087b00000|  0%| F|  |TS  0|AC  0|TAMS 0x0000000087a00000, 0x0000000087a00000|
|  39|0x0000000087b00000, 0x0000000087b00000, 0x0000000087c00000|  0%| F|  |TS  0|AC  0|TAMS 0x0000000087b00000, 0x0000000087b00000|
|  40|0x0000000087c00000, 0x0000000087c00000, 0x0000000087d00000|  0%| F|  |TS  0|AC  0|TAMS 0x0000000087c00000, 0x0000000087c00000|
|  41|0x0000000087d00000, 0x0000000087d00000, 0x0000000087e00000|  0%| F|  |TS  0|AC  0|TAMS 0x0000000087d00000, 0x0000000087d00000|
|  42|0x0000000087e00000, 0x0000000087e00000, 0x0000000087f00000|  0%| F|  |TS  0|AC  0|TAMS 0x0000000087e00000, 0x0000000087e00000|
|  43|0x0000000087f00000, 0x0000000087f00000, 0x0000000088000000|  0%| F|  |TS  0|AC  0|TAMS 0x0000000087f00000, 0x0000000087f00000|
|  44|0x0000000088000000, 0x0000000088000000, 0x0000000088100000|  0%| F|  |TS  0|AC  0|TAMS 0x0000000088000000, 0x0000000088000000|
|  45|0x0000000088100000, 0x0000000088100000, 0x0000000088200000|  0%| F|  |TS  0|AC  0|TAMS 0x0000000088100000, 0x0000000088100000|
|  46|0x0000000088200000, 0x0000000088200000, 0x0000000088300000|  0%| F|  |TS  0|AC  0|TAMS 0x0000000088200000, 0x0000000088200000|
|  47|0x0000000088300000, 0x0000000088300000, 0x0000000088400000|  0%| F|  |TS  0|AC  0|TAMS 0x0000000088300000, 0x0000000088300000|
|  48|0x0000000088400000, 0x0000000088400000, 0x0000000088500000|  0%| F|  |TS  0|AC  0|TAMS 0x0000000088400000, 0x0000000088400000|
|  49|0x0000000088500000, 0x0000000088500000, 0x0000000088600000|  0%| F|  |TS  0|AC  0|TAMS 0x0000000088500000, 0x0000000088500000|
|  50|0x0000000088600000, 0x0000000088600000, 0x0000000088700000|  0%| F|  |TS  0|AC  0|TAMS 0x0000000088600000, 0x0000000088600000|
|  51|0x0000000088700000, 0x0000000088700000, 0x0000000088800000|  0%| F|  |TS  0|AC  0|TAMS 0x0000000088700000, 0x0000000088700000|
|  52|0x0000000088800000, 0x0000000088800000, 0x0000000088900000|  0%| F|  |TS  0|AC  0|TAMS 0x0000000088800000, 0x0000000088800000|
|  53|0x0000000088900000, 0x0000000088900000, 0x0000000088a00000|  0%| F|  |TS  0|AC  0|TAMS 0x0000000088900000, 0x0000000088900000|
|  54|0x0000000088a00000, 0x0000000088a00000, 0x0000000088b00000|  0%| F|  |TS  0|AC  0|TAMS 0x0000000088a00000, 0x0000000088a00000|
|  55|0x0000000088b00000, 0x0000000088b00000, 0x0000000088c00000|  0%| F|  |TS  0|AC  0|TAMS 0x0000000088b00000, 0x0000000088b00000|
|  56|0x0000000088c00000, 0x0000000088c00000, 0x0000000088d00000|  0%| F|  |TS  0|AC  0|TAMS 0x0000000088c00000, 0x0000000088c00000|
|  57|0x0000000088d00000, 0x0000000088d00000, 0x0000000088e00000|  0%| F|  |TS  0|AC  0|TAMS 0x0000000088d00000, 0x0000000088d00000|
|  58|0x0000000088e00000, 0x0000000088e00000, 0x0000000088f00000|  0%| F|  |TS  0|AC  0|TAMS 0x0000000088e00000, 0x0000000088e00000|
|  59|0x0000000088f00000, 0x0000000088f00000, 0x0000000089000000|  0%| F|  |TS  0|AC  0|TAMS 0x0000000088f00000, 0x0000000088f00000|
|  60|0x0000000089000000, 0x0000000089000000, 0x0000000089100000|  0%| F|  |TS  0|AC  0|TAMS 0x0000000089000000, 0x0000000089000000|
|  61|0x0000000089100000, 0x0000000089100000, 0x0000000089200000|  0%| F|  |TS  0|AC  0|TAMS 0x0000000089100000, 0x0000000089100000|
|  62|0x0000000089200000, 0x0000000089200000, 0x0000000089300000|  0%| F|  |TS  0|AC  0|TAMS 0x0000000089200000, 0x0000000089200000|
|  63|0x0000000089300000, 0x0000000089300000, 0x0000000089400000|  0%| F|  |TS  0|AC  0|TAMS 0x0000000089300000, 0x0000000089300000|
|  64|0x0000000089400000, 0x0000000089400000, 0x0000000089500000|  0%| F|  |TS  0|AC  0|TAMS 0x0000000089400000, 0x0000000089400000|
|  65|0x0000000089500000, 0x0000000089500000, 0x0000000089600000|  0%| F|  |TS  0|AC  0|TAMS 0x0000000089500000, 0x0000000089500000|
|  66|0x0000000089600000, 0x0000000089600000, 0x0000000089700000|  0%| F|  |TS  0|AC  0|TAMS 0x0000000089600000, 0x0000000089600000|
|  67|0x0000000089700000, 0x0000000089700000, 0x0000000089800000|  0%| F|  |TS  0|AC  0|TAMS 0x0000000089700000, 0x0000000089700000|
|  68|0x0000000089800000, 0x0000000089800000, 0x0000000089900000|  0%| F|  |TS  0|AC  0|TAMS 0x0000000089800000, 0x0000000089800000|
|  69|0x0000000089900000, 0x0000000089900000, 0x0000000089a00000|  0%| F|  |TS  0|AC  0|TAMS 0x0000000089900000, 0x0000000089900000|
|  70|0x0000000089a00000, 0x0000000089a00000, 0x0000000089b00000|  0%| F|  |TS  0|AC  0|TAMS 0x0000000089a00000, 0x0000000089a00000|
|  71|0x0000000089b00000, 0x0000000089b00000, 0x0000000089c00000|  0%| F|  |TS  0|AC  0|TAMS 0x0000000089b00000, 0x0000000089b00000|
|  72|0x0000000089c00000, 0x0000000089c00000, 0x0000000089d00000|  0%| F|  |TS  0|AC  0|TAMS 0x0000000089c00000, 0x0000000089c00000|
|  73|0x0000000089d00000, 0x0000000089d00000, 0x0000000089e00000|  0%| F|  |TS  0|AC  0|TAMS 0x0000000089d00000, 0x0000000089d00000|
|  74|0x0000000089e00000, 0x0000000089e00000, 0x0000000089f00000|  0%| F|  |TS  0|AC  0|TAMS 0x0000000089e00000, 0x0000000089e00000|
|  75|0x0000000089f00000, 0x0000000089f00000, 0x000000008a000000|  0%| F|  |TS  0|AC  0|TAMS 0x0000000089f00000, 0x0000000089f00000|
|  76|0x000000008a000000, 0x000000008a000000, 0x000000008a100000|  0%| F|  |TS  0|AC  0|TAMS 0x000000008a000000, 0x000000008a000000|
|  77|0x000000008a100000, 0x000000008a100000, 0x000000008a200000|  0%| F|  |TS  0|AC  0|TAMS 0x000000008a100000, 0x000000008a100000|
|  78|0x000000008a200000, 0x000000008a200000, 0x000000008a300000|  0%| F|  |TS  0|AC  0|TAMS 0x000000008a200000, 0x000000008a200000|
|  79|0x000000008a300000, 0x000000008a300000, 0x000000008a400000|  0%| F|  |TS  0|AC  0|TAMS 0x000000008a300000, 0x000000008a300000|
|  80|0x000000008a400000, 0x000000008a400000, 0x000000008a500000|  0%| F|  |TS  0|AC  0|TAMS 0x000000008a400000, 0x000000008a400000|
|  81|0x000000008a500000, 0x000000008a500000, 0x000000008a600000|  0%| F|  |TS  0|AC  0|TAMS 0x000000008a500000, 0x000000008a500000|
|  82|0x000000008a600000, 0x000000008a600000, 0x000000008a700000|  0%| F|  |TS  0|AC  0|TAMS 0x000000008a600000, 0x000000008a600000|
|  83|0x000000008a700000, 0x000000008a700000, 0x000000008a800000|  0%| F|  |TS  0|AC  0|TAMS 0x000000008a700000, 0x000000008a700000|
|  84|0x000000008a800000, 0x000000008a800000, 0x000000008a900000|  0%| F|  |TS  0|AC  0|TAMS 0x000000008a800000, 0x000000008a800000|
|  85|0x000000008a900000, 0x000000008a900000, 0x000000008aa00000|  0%| F|  |TS  0|AC  0|TAMS 0x000000008a900000, 0x000000008a900000|
|  86|0x000000008aa00000, 0x000000008aa00000, 0x000000008ab00000|  0%| F|  |TS  0|AC  0|TAMS 0x000000008aa00000, 0x000000008aa00000|
|  87|0x000000008ab00000, 0x000000008ab00000, 0x000000008ac00000|  0%| F|  |TS  0|AC  0|TAMS 0x000000008ab00000, 0x000000008ab00000|
|  88|0x000000008ac00000, 0x000000008ac00000, 0x000000008ad00000|  0%| F|  |TS  0|AC  0|TAMS 0x000000008ac00000, 0x000000008ac00000|
|  89|0x000000008ad00000, 0x000000008ad00000, 0x000000008ae00000|  0%| F|  |TS  0|AC  0|TAMS 0x000000008ad00000, 0x000000008ad00000|
|  90|0x000000008ae00000, 0x000000008ae00000, 0x000000008af00000|  0%| F|  |TS  0|AC  0|TAMS 0x000000008ae00000, 0x000000008ae00000|
|  91|0x000000008af00000, 0x000000008af00000, 0x000000008b000000|  0%| F|  |TS  0|AC  0|TAMS 0x000000008af00000, 0x000000008af00000|
|  92|0x000000008b000000, 0x000000008b000000, 0x000000008b100000|  0%| F|  |TS  0|AC  0|TAMS 0x000000008b000000, 0x000000008b000000|
|  93|0x000000008b100000, 0x000000008b100000, 0x000000008b200000|  0%| F|  |TS  0|AC  0|TAMS 0x000000008b100000, 0x000000008b100000|
|  94|0x000000008b200000, 0x000000008b200000, 0x000000008b300000|  0%| F|  |TS  0|AC  0|TAMS 0x000000008b200000, 0x000000008b200000|
|  95|0x000000008b300000, 0x000000008b300000, 0x000000008b400000|  0%| F|  |TS  0|AC  0|TAMS 0x000000008b300000, 0x000000008b300000|
|  96|0x000000008b400000, 0x000000008b400000, 0x000000008b500000|  0%| F|  |TS  0|AC  0|TAMS 0x000000008b400000, 0x000000008b400000|
|  97|0x000000008b500000, 0x000000008b500000, 0x000000008b600000|  0%| F|  |TS  0|AC  0|TAMS 0x000000008b500000, 0x000000008b500000|
|  98|0x000000008b600000, 0x000000008b600000, 0x000000008b700000|  0%| F|  |TS  0|AC  0|TAMS 0x000000008b600000, 0x000000008b600000|
|  99|0x000000008b700000, 0x000000008b700000, 0x000000008b800000|  0%| F|  |TS  0|AC  0|TAMS 0x000000008b700000, 0x000000008b700000|
| 100|0x000000008b800000, 0x000000008b800000, 0x000000008b900000|  0%| F|  |TS  0|AC  0|TAMS 0x000000008b800000, 0x000000008b800000|
| 101|0x000000008b900000, 0x000000008b900000, 0x000000008ba00000|  0%| F|  |TS  0|AC  0|TAMS 0x000000008b900000, 0x000000008b900000|
| 102|0x000000008ba00000, 0x000000008ba00000, 0x000000008bb00000|  0%| F|  |TS  0|AC  0|TAMS 0x000000008ba00000, 0x000000008ba00000|
| 103|0x000000008bb00000, 0x000000008bb00000, 0x000000008bc00000|  0%| F|  |TS  0|AC  0|TAMS 0x000000008bb00000, 0x000000008bb00000|
| 104|0x000000008bc00000, 0x000000008bc00000, 0x000000008bd00000|  0%| F|  |TS  0|AC  0|TAMS 0x000000008bc00000, 0x000000008bc00000|
| 105|0x000000008bd00000, 0x000000008bd00000, 0x000000008be00000|  0%| F|  |TS  0|AC  0|TAMS 0x000000008bd00000, 0x000000008bd00000|
| 106|0x000000008be00000, 0x000000008be00000, 0x000000008bf00000|  0%| F|  |TS  0|AC  0|TAMS 0x000000008be00000, 0x000000008be00000|
| 107|0x000000008bf00000, 0x000000008bf00000, 0x000000008c000000|  0%| F|  |TS  0|AC  0|TAMS 0x000000008bf00000, 0x000000008bf00000|
| 108|0x000000008c000000, 0x000000008c000000, 0x000000008c100000|  0%| F|  |TS  0|AC  0|TAMS 0x000000008c000000, 0x000000008c000000|
| 109|0x000000008c100000, 0x000000008c100000, 0x000000008c200000|  0%| F|  |TS  0|AC  0|TAMS 0x000000008c100000, 0x000000008c100000|
| 110|0x000000008c200000, 0x000000008c200000, 0x000000008c300000|  0%| F|  |TS  0|AC  0|TAMS 0x000000008c200000, 0x000000008c200000|
| 111|0x000000008c300000, 0x000000008c300000, 0x000000008c400000|  0%| F|  |TS  0|AC  0|TAMS 0x000000008c300000, 0x000000008c300000|
| 112|0x000000008c400000, 0x000000008c400000, 0x000000008c500000|  0%| F|  |TS  0|AC  0|TAMS 0x000000008c400000, 0x000000008c400000|
| 113|0x000000008c500000, 0x000000008c500000, 0x000000008c600000|  0%| F|  |TS  0|AC  0|TAMS 0x000000008c500000, 0x000000008c500000|
| 114|0x000000008c600000, 0x000000008c600000, 0x000000008c700000|  0%| F|  |TS  0|AC  0|TAMS 0x000000008c600000, 0x000000008c600000|
| 115|0x000000008c700000, 0x000000008c700000, 0x000000008c800000|  0%| F|  |TS  0|AC  0|TAMS 0x000000008c700000, 0x000000008c700000|
| 116|0x000000008c800000, 0x000000008c800000, 0x000000008c900000|  0%| F|  |TS  0|AC  0|TAMS 0x000000008c800000, 0x000000008c800000|
| 117|0x000000008c900000, 0x000000008c900000, 0x000000008ca00000|  0%| F|  |TS  0|AC  0|TAMS 0x000000008c900000, 0x000000008c900000|
| 118|0x000000008ca00000, 0x000000008ca7b630, 0x000000008cb00000| 48%| E|  |TS  0|AC  0|TAMS 0x000000008ca00000, 0x000000008ca00000|
| 119|0x000000008cb00000, 0x000000008cc00000, 0x000000008cc00000|100%| E|CS|TS  0|AC  0|TAMS 0x000000008cb00000, 0x000000008cb00000|
| 120|0x000000008cc00000, 0x000000008cd00000, 0x000000008cd00000|100%| E|CS|TS  0|AC  0|TAMS 0x000000008cc00000, 0x000000008cc00000|
| 121|0x000000008cd00000, 0x000000008ce00000, 0x000000008ce00000|100%| E|CS|TS  0|AC  0|TAMS 0x000000008cd00000, 0x000000008cd00000|
| 122|0x000000008ce00000, 0x000000008cf00000, 0x000000008cf00000|100%| E|CS|TS  0|AC  0|TAMS 0x000000008ce00000, 0x000000008ce00000|
| 123|0x000000008cf00000, 0x000000008d000000, 0x000000008d000000|100%| E|CS|TS  0|AC  0|TAMS 0x000000008cf00000, 0x000000008cf00000|

Card table byte_map: [0x00007efe55f86000,0x00007efe5635c000] byte_map_base: 0x00007efe55b5c000

Marking Bits (Prev, Next): (CMBitMap*) 0x00007efe70062a00, (CMBitMap*) 0x00007efe70062a38
 Prev Bits: [0x00007efe36150000, 0x00007efe38000000)
 Next Bits: [0x00007efe342a0000, 0x00007efe36150000)

Polling page: 0x00007efe7834f000

CodeHeap 'non-profiled nmethods': size=120032Kb used=110Kb max_used=110Kb free=119921Kb
 bounds [0x00007efe5f3e8000, 0x00007efe5f658000, 0x00007efe66920000]
CodeHeap 'profiled nmethods': size=120028Kb used=569Kb max_used=569Kb free=119458Kb
 bounds [0x00007efe57eb1000, 0x00007efe58121000, 0x00007efe5f3e8000]
CodeHeap 'non-nmethods': size=5700Kb used=1106Kb max_used=1111Kb free=4593Kb
 bounds [0x00007efe57920000, 0x00007efe57b90000, 0x00007efe57eb1000]
 total_blobs=804 nmethods=377 adapters=262
 compilation: enabled

Compilation events (10 events):
Event: 23,200 Thread 0x00007efe7018a800  382       1       java.nio.Buffer::limit (5 bytes)
Event: 23,200 Thread 0x00007efe7018a800 nmethod 382 0x00007efe5f403790 code [0x00007efe5f403940, 0x00007efe5f403a50]
Event: 59,019 Thread 0x00007efe7018a800  383       3       java.nio.Buffer::checkIndex (22 bytes)
Event: 59,020 Thread 0x00007efe7018a800 nmethod 383 0x00007efe57eba510 code [0x00007efe57eba6e0, 0x00007efe57eba948]
Event: 73,846 Thread 0x00007efe7018a800  384       3       java.nio.HeapCharBuffer::ix (7 bytes)
Event: 73,846 Thread 0x00007efe7018a800 nmethod 384 0x00007efe57eb4110 code [0x00007efe57eb42c0, 0x00007efe57eb4410]
Event: 73,846 Thread 0x00007efe7018a800  385       3       java.nio.CharBuffer::charAt (16 bytes)
Event: 73,847 Thread 0x00007efe7018a800 nmethod 385 0x00007efe57f3ec90 code [0x00007efe57f3ee80, 0x00007efe57f3f218]
Event: 89,918 Thread 0x00007efe7018a800  386       3       java.lang.String::equals (65 bytes)
Event: 89,919 Thread 0x00007efe7018a800 nmethod 386 0x00007efe57f3f390 code [0x00007efe57f3f5a0, 0x00007efe57f3fc58]

GC Heap History (0 events):
No events

Deoptimization events (5 events):
Event: 0,228 Thread 0x00007efe70015800 Uncommon trap: reason=unstable_if action=reinterpret pc=0x00007efe5f3f1814 method=java.util.HashMap.putVal(ILjava/lang/Object;Ljava/lang/Object;ZZ)Ljava/lang/Object; @ 69 c2
Event: 0,310 Thread 0x00007efe70015800 Uncommon trap: reason=unstable_if action=reinterpret pc=0x00007efe5f3ed008 method=java.lang.String.hashCode()I @ 14 c2
Event: 7,815 Thread 0x00007efe70015800 Uncommon trap: reason=unstable_if action=reinterpret pc=0x00007efe5f3f63e8 method=java.lang.String.isLatin1()Z @ 10 c2
Event: 7,818 Thread 0x00007efe70015800 Uncommon trap: reason=unstable_if action=reinterpret pc=0x00007efe5f4011fc method=java.lang.String.isLatin1()Z @ 10 c2
Event: 11,100 Thread 0x00007efe70015800 Uncommon trap: reason=unstable_if action=reinterpret pc=0x00007efe5f3effa4 method=java.lang.String.equals(Ljava/lang/Object;)Z @ 27 c2

Classes redefined (3 events):
Event: 445,043 Thread 0x00007efe70165800 redefined class name=aufgabe3.Evaluator, count=1
Event: 938,433 Thread 0x00007efe70165800 redefined class name=aufgabe3.Evaluator, count=2
Event: 1375,342 Thread 0x00007efe70165800 redefined class name=aufgabe3.Evaluator, count=3

Internal exceptions (3 events):
Event: 7,770 Thread 0x00007efe70015800 Exception <a 'java/lang/NoSuchMethodError'{0x000000008ccf9600}: java.lang.Object.lambda$negate$3(I)Z> (0x000000008ccf9600) thrown at [/build/openjdk-lts-xioZJb/openjdk-lts-10.0.2+13/src/hotspot/share/interpreter/linkResolver.cpp, line 741]
Event: 7,771 Thread 0x00007efe70015800 Exception <a 'java/lang/NoSuchMethodError'{0x000000008ccfc828}: java.lang.Object.lambda$and$0(Ljava/util/regex/Pattern$CharPredicate;I)Z> (0x000000008ccfc828) thrown at [/build/openjdk-lts-xioZJb/openjdk-lts-10.0.2+13/src/hotspot/share/interpreter/linkRes
Event: 8,122 Thread 0x00007efe70015800 Exception <a 'java/lang/NoSuchMethodError'{0x000000008cbcf070}: java.lang.Object.lambda$union$2(Ljava/util/regex/Pattern$CharPredicate;I)Z> (0x000000008cbcf070) thrown at [/build/openjdk-lts-xioZJb/openjdk-lts-10.0.2+13/src/hotspot/share/interpreter/linkR

Events (10 events):
Event: 1375,412 Executing VM operation: ChangeBreakpoints done
Event: 1375,415 Executing VM operation: ChangeBreakpoints
Event: 1375,415 Executing VM operation: ChangeBreakpoints done
Event: 1375,415 Executing VM operation: ChangeBreakpoints
Event: 1375,416 Executing VM operation: ChangeBreakpoints done
Event: 1375,416 Executing VM operation: ChangeBreakpoints
Event: 1375,416 Executing VM operation: ChangeBreakpoints done
Event: 1375,417 Executing VM operation: ChangeBreakpoints
Event: 1375,417 Executing VM operation: ChangeBreakpoints done
Event: 1375,422 Executing VM operation: GetOrSetLocal


Dynamic libraries:
85400000-8d000000 rw-p 00000000 00:00 0 
8d000000-100000000 ---p 00000000 00:00 0 
100000000-1000c0000 rw-p 00000000 00:00 0 
1000c0000-140000000 ---p 00000000 00:00 0 
55a4deeb8000-55a4deeb9000 r-xp 00000000 103:06 527356                    /usr/lib/jvm/java-11-openjdk-amd64/bin/java
55a4df0b9000-55a4df0ba000 r--p 00001000 103:06 527356                    /usr/lib/jvm/java-11-openjdk-amd64/bin/java
55a4df0ba000-55a4df0bb000 rw-p 00002000 103:06 527356                    /usr/lib/jvm/java-11-openjdk-amd64/bin/java
55a4df2c5000-55a4df2e6000 rw-p 00000000 00:00 0                          [heap]
7efdbc000000-7efdbc021000 rw-p 00000000 00:00 0 
7efdbc021000-7efdc0000000 ---p 00000000 00:00 0 
7efdc4000000-7efdc4021000 rw-p 00000000 00:00 0 
7efdc4021000-7efdc8000000 ---p 00000000 00:00 0 
7efdc8000000-7efdc8021000 rw-p 00000000 00:00 0 
7efdc8021000-7efdcc000000 ---p 00000000 00:00 0 
7efdcc000000-7efdcc021000 rw-p 00000000 00:00 0 
7efdcc021000-7efdd0000000 ---p 00000000 00:00 0 
7efdd0000000-7efdd0021000 rw-p 00000000 00:00 0 
7efdd0021000-7efdd4000000 ---p 00000000 00:00 0 
7efdd4000000-7efdd4021000 rw-p 00000000 00:00 0 
7efdd4021000-7efdd8000000 ---p 00000000 00:00 0 
7efdd8000000-7efdd8021000 rw-p 00000000 00:00 0 
7efdd8021000-7efddc000000 ---p 00000000 00:00 0 
7efddc000000-7efddc14f000 rw-p 00000000 00:00 0 
7efddc14f000-7efde0000000 ---p 00000000 00:00 0 
7efde0000000-7efde0192000 rw-p 00000000 00:00 0 
7efde0192000-7efde4000000 ---p 00000000 00:00 0 
7efde4000000-7efde4152000 rw-p 00000000 00:00 0 
7efde4152000-7efde8000000 ---p 00000000 00:00 0 
7efde8000000-7efde8032000 rw-p 00000000 00:00 0 
7efde8032000-7efdec000000 ---p 00000000 00:00 0 
7efdec000000-7efdec021000 rw-p 00000000 00:00 0 
7efdec021000-7efdf0000000 ---p 00000000 00:00 0 
7efdf0000000-7efdf0021000 rw-p 00000000 00:00 0 
7efdf0021000-7efdf4000000 ---p 00000000 00:00 0 
7efdf4000000-7efdf4021000 rw-p 00000000 00:00 0 
7efdf4021000-7efdf8000000 ---p 00000000 00:00 0 
7efdf8000000-7efdf8021000 rw-p 00000000 00:00 0 
7efdf8021000-7efdfc000000 ---p 00000000 00:00 0 
7efdfc000000-7efdfc021000 rw-p 00000000 00:00 0 
7efdfc021000-7efe00000000 ---p 00000000 00:00 0 
7efe00000000-7efe00021000 rw-p 00000000 00:00 0 
7efe00021000-7efe04000000 ---p 00000000 00:00 0 
7efe04000000-7efe04021000 rw-p 00000000 00:00 0 
7efe04021000-7efe08000000 ---p 00000000 00:00 0 
7efe08000000-7efe08021000 rw-p 00000000 00:00 0 
7efe08021000-7efe0c000000 ---p 00000000 00:00 0 
7efe0c000000-7efe0c021000 rw-p 00000000 00:00 0 
7efe0c021000-7efe10000000 ---p 00000000 00:00 0 
7efe10000000-7efe10021000 rw-p 00000000 00:00 0 
7efe10021000-7efe14000000 ---p 00000000 00:00 0 
7efe14000000-7efe14021000 rw-p 00000000 00:00 0 
7efe14021000-7efe18000000 ---p 00000000 00:00 0 
7efe18000000-7efe18021000 rw-p 00000000 00:00 0 
7efe18021000-7efe1c000000 ---p 00000000 00:00 0 
7efe1c000000-7efe1c021000 rw-p 00000000 00:00 0 
7efe1c021000-7efe20000000 ---p 00000000 00:00 0 
7efe20bc9000-7efe20bca000 ---p 00000000 00:00 0 
7efe20bca000-7efe20ccb000 rw-p 00000000 00:00 0 
7efe20ccb000-7efe20ccf000 ---p 00000000 00:00 0 
7efe20ccf000-7efe20dcc000 rw-p 00000000 00:00 0 
7efe20dcc000-7efe20de3000 r-xp 00000000 103:06 527437                    /usr/lib/jvm/java-11-openjdk-amd64/lib/libnet.so
7efe20de3000-7efe20fe2000 ---p 00017000 103:06 527437                    /usr/lib/jvm/java-11-openjdk-amd64/lib/libnet.so
7efe20fe2000-7efe20fe3000 r--p 00016000 103:06 527437                    /usr/lib/jvm/java-11-openjdk-amd64/lib/libnet.so
7efe20fe3000-7efe20fe4000 rw-p 00017000 103:06 527437                    /usr/lib/jvm/java-11-openjdk-amd64/lib/libnet.so
7efe20fe4000-7efe20ff5000 r-xp 00000000 103:06 527438                    /usr/lib/jvm/java-11-openjdk-amd64/lib/libnio.so
7efe20ff5000-7efe211f4000 ---p 00011000 103:06 527438                    /usr/lib/jvm/java-11-openjdk-amd64/lib/libnio.so
7efe211f4000-7efe211f5000 r--p 00010000 103:06 527438                    /usr/lib/jvm/java-11-openjdk-amd64/lib/libnio.so
7efe211f5000-7efe211f6000 rw-p 00011000 103:06 527438                    /usr/lib/jvm/java-11-openjdk-amd64/lib/libnio.so
7efe211f6000-7efe211fa000 ---p 00000000 00:00 0 
7efe211fa000-7efe212f7000 rw-p 00000000 00:00 0 
7efe212f7000-7efe212fb000 ---p 00000000 00:00 0 
7efe212fb000-7efe213f8000 rw-p 00000000 00:00 0 
7efe213f8000-7efe213fc000 ---p 00000000 00:00 0 
7efe213fc000-7efe214f9000 rw-p 00000000 00:00 0 
7efe214f9000-7efe214fd000 ---p 00000000 00:00 0 
7efe214fd000-7efe215fa000 rw-p 00000000 00:00 0 
7efe215fa000-7efe215ff000 r-xp 00000000 103:06 527417                    /usr/lib/jvm/java-11-openjdk-amd64/lib/libdt_socket.so
7efe215ff000-7efe217fe000 ---p 00005000 103:06 527417                    /usr/lib/jvm/java-11-openjdk-amd64/lib/libdt_socket.so
7efe217fe000-7efe217ff000 r--p 00004000 103:06 527417                    /usr/lib/jvm/java-11-openjdk-amd64/lib/libdt_socket.so
7efe217ff000-7efe21800000 rw-p 00005000 103:06 527417                    /usr/lib/jvm/java-11-openjdk-amd64/lib/libdt_socket.so
7efe21800000-7efe21ec0000 rw-p 00000000 00:00 0 
7efe21ec0000-7efe22000000 ---p 00000000 00:00 0 
7efe22000000-7efe24000000 rw-p 00000000 00:00 0 
7efe24000000-7efe24021000 rw-p 00000000 00:00 0 
7efe24021000-7efe28000000 ---p 00000000 00:00 0 
7efe28000000-7efe28021000 rw-p 00000000 00:00 0 
7efe28021000-7efe2c000000 ---p 00000000 00:00 0 
7efe2c000000-7efe2c021000 rw-p 00000000 00:00 0 
7efe2c021000-7efe30000000 ---p 00000000 00:00 0 
7efe30000000-7efe30021000 rw-p 00000000 00:00 0 
7efe30021000-7efe34000000 ---p 00000000 00:00 0 
7efe3409e000-7efe340a2000 ---p 00000000 00:00 0 
7efe340a2000-7efe3419f000 rw-p 00000000 00:00 0 
7efe3419f000-7efe341a3000 ---p 00000000 00:00 0 
7efe341a3000-7efe34490000 rw-p 00000000 00:00 0 
7efe34490000-7efe36150000 ---p 00000000 00:00 0 
7efe36150000-7efe36340000 rw-p 00000000 00:00 0 
7efe36340000-7efe38000000 ---p 00000000 00:00 0 
7efe38000000-7efe38021000 rw-p 00000000 00:00 0 
7efe38021000-7efe3c000000 ---p 00000000 00:00 0 
7efe3c000000-7efe3c021000 rw-p 00000000 00:00 0 
7efe3c021000-7efe40000000 ---p 00000000 00:00 0 
7efe40000000-7efe40021000 rw-p 00000000 00:00 0 
7efe40021000-7efe44000000 ---p 00000000 00:00 0 
7efe44000000-7efe44021000 rw-p 00000000 00:00 0 
7efe44021000-7efe48000000 ---p 00000000 00:00 0 
7efe48000000-7efe48021000 rw-p 00000000 00:00 0 
7efe48021000-7efe4c000000 ---p 00000000 00:00 0 
7efe4c000000-7efe4c021000 rw-p 00000000 00:00 0 
7efe4c021000-7efe50000000 ---p 00000000 00:00 0 
7efe50000000-7efe50021000 rw-p 00000000 00:00 0 
7efe50021000-7efe54000000 ---p 00000000 00:00 0 
7efe54012000-7efe54016000 ---p 00000000 00:00 0 
7efe54016000-7efe54113000 rw-p 00000000 00:00 0 
7efe54113000-7efe54117000 ---p 00000000 00:00 0 
7efe54117000-7efe54214000 rw-p 00000000 00:00 0 
7efe54214000-7efe54218000 ---p 00000000 00:00 0 
7efe54218000-7efe54315000 rw-p 00000000 00:00 0 
7efe54315000-7efe54319000 ---p 00000000 00:00 0 
7efe54319000-7efe54416000 rw-p 00000000 00:00 0 
7efe54416000-7efe5441a000 ---p 00000000 00:00 0 
7efe5441a000-7efe54517000 rw-p 00000000 00:00 0 
7efe54517000-7efe5451b000 ---p 00000000 00:00 0 
7efe5451b000-7efe54618000 rw-p 00000000 00:00 0 
7efe54618000-7efe54619000 ---p 00000000 00:00 0 
7efe54619000-7efe54790000 rw-p 00000000 00:00 0 
7efe54790000-7efe54791000 ---p 00000000 00:00 0 
7efe54791000-7efe54892000 rw-p 00000000 00:00 0 
7efe54892000-7efe54893000 ---p 00000000 00:00 0 
7efe54893000-7efe54994000 rw-p 00000000 00:00 0 
7efe54994000-7efe54995000 ---p 00000000 00:00 0 
7efe54995000-7efe54a96000 rw-p 00000000 00:00 0 
7efe54a96000-7efe54a97000 ---p 00000000 00:00 0 
7efe54a97000-7efe54b98000 rw-p 00000000 00:00 0 
7efe54b98000-7efe54b99000 ---p 00000000 00:00 0 
7efe54b99000-7efe54c9a000 rw-p 00000000 00:00 0 
7efe54c9a000-7efe54c9b000 ---p 00000000 00:00 0 
7efe54c9b000-7efe54d9c000 rw-p 00000000 00:00 0 
7efe54d9c000-7efe54d9d000 ---p 00000000 00:00 0 
7efe54d9d000-7efe54e9e000 rw-p 00000000 00:00 0 
7efe54e9e000-7efe54e9f000 ---p 00000000 00:00 0 
7efe54e9f000-7efe54fa0000 rw-p 00000000 00:00 0 
7efe54fa0000-7efe54fa1000 ---p 00000000 00:00 0 
7efe54fa1000-7efe558aa000 rw-p 00000000 00:00 0 
7efe558aa000-7efe558ab000 ---p 00000000 00:00 0 
7efe558ab000-7efe559ac000 rw-p 00000000 00:00 0 
7efe559ac000-7efe559ad000 ---p 00000000 00:00 0 
7efe559ad000-7efe55aae000 rw-p 00000000 00:00 0 
7efe55aae000-7efe55aaf000 ---p 00000000 00:00 0 
7efe55aaf000-7efe55bee000 rw-p 00000000 00:00 0 
7efe55bee000-7efe55f86000 ---p 00000000 00:00 0 
7efe55f86000-7efe55fc4000 rw-p 00000000 00:00 0 
7efe55fc4000-7efe5635c000 ---p 00000000 00:00 0 
7efe5635c000-7efe5639a000 rw-p 00000000 00:00 0 
7efe5639a000-7efe56732000 ---p 00000000 00:00 0 
7efe56732000-7efe56f3a000 rw-p 00000000 00:00 0 
7efe56f3a000-7efe56f3b000 ---p 00000000 00:00 0 
7efe56f3b000-7efe5703c000 rw-p 00000000 00:00 0 
7efe5703c000-7efe5703d000 ---p 00000000 00:00 0 
7efe5703d000-7efe5713e000 rw-p 00000000 00:00 0 
7efe5713e000-7efe5713f000 ---p 00000000 00:00 0 
7efe5713f000-7efe57240000 rw-p 00000000 00:00 0 
7efe57240000-7efe57241000 ---p 00000000 00:00 0 
7efe57241000-7efe57342000 rw-p 00000000 00:00 0 
7efe57342000-7efe57343000 ---p 00000000 00:00 0 
7efe57343000-7efe57444000 rw-p 00000000 00:00 0 
7efe57444000-7efe57445000 ---p 00000000 00:00 0 
7efe57445000-7efe57546000 rw-p 00000000 00:00 0 
7efe57546000-7efe57547000 ---p 00000000 00:00 0 
7efe57547000-7efe57648000 rw-p 00000000 00:00 0 
7efe57648000-7efe57649000 ---p 00000000 00:00 0 
7efe57649000-7efe5774f000 rw-p 00000000 00:00 0 
7efe5774f000-7efe57835000 ---p 00000000 00:00 0 
7efe57835000-7efe5783a000 rw-p 00000000 00:00 0 
7efe5783a000-7efe57920000 ---p 00000000 00:00 0 
7efe57920000-7efe57b90000 rwxp 00000000 00:00 0 
7efe57b90000-7efe57eb1000 ---p 00000000 00:00 0 
7efe57eb1000-7efe58121000 rwxp 00000000 00:00 0 
7efe58121000-7efe5f3e8000 ---p 00000000 00:00 0 
7efe5f3e8000-7efe5f658000 rwxp 00000000 00:00 0 
7efe5f658000-7efe66920000 ---p 00000000 00:00 0 
7efe66920000-7efe6fdfa000 r--s 00000000 103:06 527447                    /usr/lib/jvm/java-11-openjdk-amd64/lib/modules
7efe6fdfa000-7efe6fdff000 r-xp 00000000 103:06 527429                    /usr/lib/jvm/java-11-openjdk-amd64/lib/libjimage.so
7efe6fdff000-7efe6fffe000 ---p 00005000 103:06 527429                    /usr/lib/jvm/java-11-openjdk-amd64/lib/libjimage.so
7efe6fffe000-7efe6ffff000 r--p 00004000 103:06 527429                    /usr/lib/jvm/java-11-openjdk-amd64/lib/libjimage.so
7efe6ffff000-7efe70000000 rw-p 00005000 103:06 527429                    /usr/lib/jvm/java-11-openjdk-amd64/lib/libjimage.so
7efe70000000-7efe7032a000 rw-p 00000000 00:00 0 
7efe7032a000-7efe74000000 ---p 00000000 00:00 0 
7efe74067000-7efe740c2000 rw-p 00000000 00:00 0 
7efe740c2000-7efe740c9000 r-xp 00000000 103:06 527446                    /usr/lib/jvm/java-11-openjdk-amd64/lib/libzip.so
7efe740c9000-7efe742c8000 ---p 00007000 103:06 527446                    /usr/lib/jvm/java-11-openjdk-amd64/lib/libzip.so
7efe742c8000-7efe742c9000 r--p 00006000 103:06 527446                    /usr/lib/jvm/java-11-openjdk-amd64/lib/libzip.so
7efe742c9000-7efe742ca000 rw-p 00007000 103:06 527446                    /usr/lib/jvm/java-11-openjdk-amd64/lib/libzip.so
7efe742ca000-7efe742d5000 r-xp 00000000 103:06 1054556                   /lib/x86_64-linux-gnu/libnss_files-2.27.so
7efe742d5000-7efe744d4000 ---p 0000b000 103:06 1054556                   /lib/x86_64-linux-gnu/libnss_files-2.27.so
7efe744d4000-7efe744d5000 r--p 0000a000 103:06 1054556                   /lib/x86_64-linux-gnu/libnss_files-2.27.so
7efe744d5000-7efe744d6000 rw-p 0000b000 103:06 1054556                   /lib/x86_64-linux-gnu/libnss_files-2.27.so
7efe744d6000-7efe744dc000 rw-p 00000000 00:00 0 
7efe744dc000-7efe744f3000 r-xp 00000000 103:06 1054550                   /lib/x86_64-linux-gnu/libnsl-2.27.so
7efe744f3000-7efe746f2000 ---p 00017000 103:06 1054550                   /lib/x86_64-linux-gnu/libnsl-2.27.so
7efe746f2000-7efe746f3000 r--p 00016000 103:06 1054550                   /lib/x86_64-linux-gnu/libnsl-2.27.so
7efe746f3000-7efe746f4000 rw-p 00017000 103:06 1054550                   /lib/x86_64-linux-gnu/libnsl-2.27.so
7efe746f4000-7efe746f6000 rw-p 00000000 00:00 0 
7efe746f6000-7efe74701000 r-xp 00000000 103:06 1054566                   /lib/x86_64-linux-gnu/libnss_nis-2.27.so
7efe74701000-7efe74900000 ---p 0000b000 103:06 1054566                   /lib/x86_64-linux-gnu/libnss_nis-2.27.so
7efe74900000-7efe74901000 r--p 0000a000 103:06 1054566                   /lib/x86_64-linux-gnu/libnss_nis-2.27.so
7efe74901000-7efe74902000 rw-p 0000b000 103:06 1054566                   /lib/x86_64-linux-gnu/libnss_nis-2.27.so
7efe74902000-7efe7490a000 r-xp 00000000 103:06 1054552                   /lib/x86_64-linux-gnu/libnss_compat-2.27.so
7efe7490a000-7efe74b0a000 ---p 00008000 103:06 1054552                   /lib/x86_64-linux-gnu/libnss_compat-2.27.so
7efe74b0a000-7efe74b0b000 r--p 00008000 103:06 1054552                   /lib/x86_64-linux-gnu/libnss_compat-2.27.so
7efe74b0b000-7efe74b0c000 rw-p 00009000 103:06 1054552                   /lib/x86_64-linux-gnu/libnss_compat-2.27.so
7efe74b0c000-7efe74e3c000 r--p 00000000 103:06 532116                    /usr/lib/locale/locale-archive
7efe74e3c000-7efe74e46000 r-xp 00000000 103:06 527420                    /usr/lib/jvm/java-11-openjdk-amd64/lib/libinstrument.so
7efe74e46000-7efe75045000 ---p 0000a000 103:06 527420                    /usr/lib/jvm/java-11-openjdk-amd64/lib/libinstrument.so
7efe75045000-7efe75046000 r--p 00009000 103:06 527420                    /usr/lib/jvm/java-11-openjdk-amd64/lib/libinstrument.so
7efe75046000-7efe75047000 rw-p 0000a000 103:06 527420                    /usr/lib/jvm/java-11-openjdk-amd64/lib/libinstrument.so
7efe75047000-7efe75084000 r-xp 00000000 103:06 527428                    /usr/lib/jvm/java-11-openjdk-amd64/lib/libjdwp.so
7efe75084000-7efe75283000 ---p 0003d000 103:06 527428                    /usr/lib/jvm/java-11-openjdk-amd64/lib/libjdwp.so
7efe75283000-7efe75284000 r--p 0003c000 103:06 527428                    /usr/lib/jvm/java-11-openjdk-amd64/lib/libjdwp.so
7efe75284000-7efe75285000 rw-p 0003d000 103:06 527428                    /usr/lib/jvm/java-11-openjdk-amd64/lib/libjdwp.so
7efe75285000-7efe752b1000 r-xp 00000000 103:06 527425                    /usr/lib/jvm/java-11-openjdk-amd64/lib/libjava.so
7efe752b1000-7efe754b0000 ---p 0002c000 103:06 527425                    /usr/lib/jvm/java-11-openjdk-amd64/lib/libjava.so
7efe754b0000-7efe754b1000 r--p 0002b000 103:06 527425                    /usr/lib/jvm/java-11-openjdk-amd64/lib/libjava.so
7efe754b1000-7efe754b3000 rw-p 0002c000 103:06 527425                    /usr/lib/jvm/java-11-openjdk-amd64/lib/libjava.so
7efe754b3000-7efe754c0000 r-xp 00000000 103:06 527445                    /usr/lib/jvm/java-11-openjdk-amd64/lib/libverify.so
7efe754c0000-7efe756bf000 ---p 0000d000 103:06 527445                    /usr/lib/jvm/java-11-openjdk-amd64/lib/libverify.so
7efe756bf000-7efe756c1000 r--p 0000c000 103:06 527445                    /usr/lib/jvm/java-11-openjdk-amd64/lib/libverify.so
7efe756c1000-7efe756c2000 rw-p 0000e000 103:06 527445                    /usr/lib/jvm/java-11-openjdk-amd64/lib/libverify.so
7efe756c2000-7efe756c9000 r-xp 00000000 103:06 1054606                   /lib/x86_64-linux-gnu/librt-2.27.so
7efe756c9000-7efe758c8000 ---p 00007000 103:06 1054606                   /lib/x86_64-linux-gnu/librt-2.27.so
7efe758c8000-7efe758c9000 r--p 00006000 103:06 1054606                   /lib/x86_64-linux-gnu/librt-2.27.so
7efe758c9000-7efe758ca000 rw-p 00007000 103:06 1054606                   /lib/x86_64-linux-gnu/librt-2.27.so
7efe758ca000-7efe758e1000 r-xp 00000000 103:06 1054010                   /lib/x86_64-linux-gnu/libgcc_s.so.1
7efe758e1000-7efe75ae0000 ---p 00017000 103:06 1054010                   /lib/x86_64-linux-gnu/libgcc_s.so.1
7efe75ae0000-7efe75ae1000 r--p 00016000 103:06 1054010                   /lib/x86_64-linux-gnu/libgcc_s.so.1
7efe75ae1000-7efe75ae2000 rw-p 00017000 103:06 1054010                   /lib/x86_64-linux-gnu/libgcc_s.so.1
7efe75ae2000-7efe75c7f000 r-xp 00000000 103:06 1054529                   /lib/x86_64-linux-gnu/libm-2.27.so
7efe75c7f000-7efe75e7e000 ---p 0019d000 103:06 1054529                   /lib/x86_64-linux-gnu/libm-2.27.so
7efe75e7e000-7efe75e7f000 r--p 0019c000 103:06 1054529                   /lib/x86_64-linux-gnu/libm-2.27.so
7efe75e7f000-7efe75e80000 rw-p 0019d000 103:06 1054529                   /lib/x86_64-linux-gnu/libm-2.27.so
7efe75e80000-7efe75ff9000 r-xp 00000000 103:06 524299                    /usr/lib/x86_64-linux-gnu/libstdc++.so.6.0.25
7efe75ff9000-7efe761f9000 ---p 00179000 103:06 524299                    /usr/lib/x86_64-linux-gnu/libstdc++.so.6.0.25
7efe761f9000-7efe76203000 r--p 00179000 103:06 524299                    /usr/lib/x86_64-linux-gnu/libstdc++.so.6.0.25
7efe76203000-7efe76205000 rw-p 00183000 103:06 524299                    /usr/lib/x86_64-linux-gnu/libstdc++.so.6.0.25
7efe76205000-7efe76209000 rw-p 00000000 00:00 0 
7efe76209000-7efe771a6000 r-xp 00000000 103:06 527450                    /usr/lib/jvm/java-11-openjdk-amd64/lib/server/libjvm.so
7efe771a6000-7efe773a6000 ---p 00f9d000 103:06 527450                    /usr/lib/jvm/java-11-openjdk-amd64/lib/server/libjvm.so
7efe773a6000-7efe7746a000 r--p 00f9d000 103:06 527450                    /usr/lib/jvm/java-11-openjdk-amd64/lib/server/libjvm.so
7efe7746a000-7efe774a2000 rw-p 01061000 103:06 527450                    /usr/lib/jvm/java-11-openjdk-amd64/lib/server/libjvm.so
7efe774a2000-7efe774eb000 rw-p 00000000 00:00 0 
7efe774eb000-7efe77505000 r-xp 00000000 103:06 1054598                   /lib/x86_64-linux-gnu/libpthread-2.27.so
7efe77505000-7efe77704000 ---p 0001a000 103:06 1054598                   /lib/x86_64-linux-gnu/libpthread-2.27.so
7efe77704000-7efe77705000 r--p 00019000 103:06 1054598                   /lib/x86_64-linux-gnu/libpthread-2.27.so
7efe77705000-7efe77706000 rw-p 0001a000 103:06 1054598                   /lib/x86_64-linux-gnu/libpthread-2.27.so
7efe77706000-7efe7770a000 rw-p 00000000 00:00 0 
7efe7770a000-7efe7770d000 r-xp 00000000 103:06 1054489                   /lib/x86_64-linux-gnu/libdl-2.27.so
7efe7770d000-7efe7790c000 ---p 00003000 103:06 1054489                   /lib/x86_64-linux-gnu/libdl-2.27.so
7efe7790c000-7efe7790d000 r--p 00002000 103:06 1054489                   /lib/x86_64-linux-gnu/libdl-2.27.so
7efe7790d000-7efe7790e000 rw-p 00003000 103:06 1054489                   /lib/x86_64-linux-gnu/libdl-2.27.so
7efe7790e000-7efe7792a000 r-xp 00000000 103:06 1054637                   /lib/x86_64-linux-gnu/libz.so.1.2.11
7efe7792a000-7efe77b29000 ---p 0001c000 103:06 1054637                   /lib/x86_64-linux-gnu/libz.so.1.2.11
7efe77b29000-7efe77b2a000 r--p 0001b000 103:06 1054637                   /lib/x86_64-linux-gnu/libz.so.1.2.11
7efe77b2a000-7efe77b2b000 rw-p 0001c000 103:06 1054637                   /lib/x86_64-linux-gnu/libz.so.1.2.11
7efe77b2b000-7efe77d12000 r-xp 00000000 103:06 1054466                   /lib/x86_64-linux-gnu/libc-2.27.so
7efe77d12000-7efe77f12000 ---p 001e7000 103:06 1054466                   /lib/x86_64-linux-gnu/libc-2.27.so
7efe77f12000-7efe77f16000 r--p 001e7000 103:06 1054466                   /lib/x86_64-linux-gnu/libc-2.27.so
7efe77f16000-7efe77f18000 rw-p 001eb000 103:06 1054466                   /lib/x86_64-linux-gnu/libc-2.27.so
7efe77f18000-7efe77f1c000 rw-p 00000000 00:00 0 
7efe77f1c000-7efe77f2b000 r-xp 00000000 103:06 527410                    /usr/lib/jvm/java-11-openjdk-amd64/lib/jli/libjli.so
7efe77f2b000-7efe7812a000 ---p 0000f000 103:06 527410                    /usr/lib/jvm/java-11-openjdk-amd64/lib/jli/libjli.so
7efe7812a000-7efe7812b000 r--p 0000e000 103:06 527410                    /usr/lib/jvm/java-11-openjdk-amd64/lib/jli/libjli.so
7efe7812b000-7efe7812c000 rw-p 0000f000 103:06 527410                    /usr/lib/jvm/java-11-openjdk-amd64/lib/jli/libjli.so
7efe7812c000-7efe78153000 r-xp 00000000 103:06 1054438                   /lib/x86_64-linux-gnu/ld-2.27.so
7efe7816e000-7efe7822b000 rw-p 00000000 00:00 0 
7efe7822b000-7efe7822f000 ---p 00000000 00:00 0 
7efe7822f000-7efe7832e000 rw-p 00000000 00:00 0 
7efe78331000-7efe78338000 r--s 00000000 103:06 661296                    /usr/lib/x86_64-linux-gnu/gconv/gconv-modules.cache
7efe78338000-7efe7833e000 rw-p 00000000 00:00 0 
7efe7833e000-7efe78345000 ---p 00000000 00:00 0 
7efe78345000-7efe78347000 r--s 00001000 103:06 1200052                   /opt/intellij-idea-community/lib/rt/debugger-agent-storage.jar
7efe78347000-7efe7834f000 rw-s 00000000 103:06 670230                    /tmp/hsperfdata_blank/5027
7efe7834f000-7efe78350000 ---p 00000000 00:00 0 
7efe78350000-7efe78351000 r--p 00000000 00:00 0 
7efe78351000-7efe78353000 rw-p 00000000 00:00 0 
7efe78353000-7efe78354000 r--p 00027000 103:06 1054438                   /lib/x86_64-linux-gnu/ld-2.27.so
7efe78354000-7efe78355000 rw-p 00028000 103:06 1054438                   /lib/x86_64-linux-gnu/ld-2.27.so
7efe78355000-7efe78356000 rw-p 00000000 00:00 0 
7fff18631000-7fff18652000 rw-p 00000000 00:00 0                          [stack]
7fff186b6000-7fff186b9000 r--p 00000000 00:00 0                          [vvar]
7fff186b9000-7fff186bb000 r-xp 00000000 00:00 0                          [vdso]
ffffffffff600000-ffffffffff601000 r-xp 00000000 00:00 0                  [vsyscall]


VM Arguments:
jvm_args: -agentlib:jdwp=transport=dt_socket,address=127.0.0.1:41225,suspend=y,server=n -javaagent:/opt/intellij-idea-community/lib/rt/debugger-agent.jar=file:/tmp/capture.props -Dfile.encoding=UTF-8 
java_command: aufgabe3.Evaluator
java_class_path (initial): /home/blank/IdeaProjects/Prog2Exercises/out/production/Prog2Exercises:/opt/intellij-idea-community/lib/idea_rt.jar
Launcher Type: SUN_STANDARD

Logging:
Log output configuration:
#0: stdout all=warning uptime,level,tags
#1: stderr all=off uptime,level,tags

Environment Variables:
PATH=/usr/local/sbin:/usr/local/bin:/usr/sbin:/usr/bin:/sbin:/bin:/usr/games:/usr/local/games:/snap/bin
SHELL=/bin/bash
DISPLAY=:0

Signal Handlers:
SIGSEGV: [libjvm.so+0xd28ad0], sa_mask[0]=11111111011111111101111111111110, sa_flags=SA_RESTART|SA_SIGINFO
SIGBUS: [libjvm.so+0xd28ad0], sa_mask[0]=11111111011111111101111111111110, sa_flags=SA_RESTART|SA_SIGINFO
SIGFPE: [libjvm.so+0xd28ad0], sa_mask[0]=11111111011111111101111111111110, sa_flags=SA_RESTART|SA_SIGINFO
SIGPIPE: [libjvm.so+0xb2a150], sa_mask[0]=11111111011111111101111111111110, sa_flags=SA_RESTART|SA_SIGINFO
SIGXFSZ: [libjvm.so+0xb2a150], sa_mask[0]=11111111011111111101111111111110, sa_flags=SA_RESTART|SA_SIGINFO
SIGILL: [libjvm.so+0xd28ad0], sa_mask[0]=11111111011111111101111111111110, sa_flags=SA_RESTART|SA_SIGINFO
SIGUSR2: [libjvm.so+0xb29f90], sa_mask[0]=00100000000000000000000000000000, sa_flags=SA_RESTART|SA_SIGINFO
SIGHUP: [libjvm.so+0xb2a0e0], sa_mask[0]=11111111011111111101111111111110, sa_flags=SA_RESTART|SA_SIGINFO
SIGINT: [libjvm.so+0xb2a0e0], sa_mask[0]=11111111011111111101111111111110, sa_flags=SA_RESTART|SA_SIGINFO
SIGTERM: [libjvm.so+0xb2a0e0], sa_mask[0]=11111111011111111101111111111110, sa_flags=SA_RESTART|SA_SIGINFO
SIGQUIT: [libjvm.so+0xb2a0e0], sa_mask[0]=11111111011111111101111111111110, sa_flags=SA_RESTART|SA_SIGINFO


---------------  S Y S T E M  ---------------

OS:DISTRIB_ID=Ubuntu
DISTRIB_RELEASE=18.04
DISTRIB_CODENAME=bionic
DISTRIB_DESCRIPTION="Ubuntu 18.04.1 LTS"
uname:Linux 4.15.0-36-generic #39-Ubuntu SMP Mon Sep 24 16:19:09 UTC 2018 x86_64
libc:glibc 2.27 NPTL 2.27 
rlimit: STACK 8192k, CORE 0k, NPROC 31030, NOFILE 1048576, AS infinity, DATA infinity, FSIZE infinity
load average:8,01 7,28 5,40

/proc/meminfo:
MemTotal:        8041484 kB
MemFree:         2830108 kB
MemAvailable:    4492520 kB
Buffers:           98072 kB
Cached:          1989868 kB
SwapCached:            0 kB
Active:          3640132 kB
Inactive:        1267336 kB
Active(anon):    2820720 kB
Inactive(anon):   247148 kB
Active(file):     819412 kB
Inactive(file):  1020188 kB
Unevictable:           0 kB
Mlocked:               0 kB
SwapTotal:      15625212 kB
SwapFree:       15625212 kB
Dirty:              4808 kB
Writeback:             0 kB
AnonPages:       2819672 kB
Mapped:           580968 kB
Shmem:            248344 kB
Slab:             155768 kB
SReclaimable:      94388 kB
SUnreclaim:        61380 kB
KernelStack:       20608 kB
PageTables:        66356 kB
NFS_Unstable:          0 kB
Bounce:                0 kB
WritebackTmp:          0 kB
CommitLimit:    19645952 kB
Committed_AS:   10071208 kB
VmallocTotal:   34359738367 kB
VmallocUsed:           0 kB
VmallocChunk:          0 kB
HardwareCorrupted:     0 kB
AnonHugePages:         0 kB
ShmemHugePages:        0 kB
ShmemPmdMapped:        0 kB
CmaTotal:              0 kB
CmaFree:               0 kB
HugePages_Total:       0
HugePages_Free:        0
HugePages_Rsvd:        0
HugePages_Surp:        0
Hugepagesize:       2048 kB
DirectMap4k:      153204 kB
DirectMap2M:     7061504 kB
DirectMap1G:     1048576 kB

container (cgroup) information:
container_type: cgroupv1
cpu_cpuset_cpus: 0-7
cpu_memory_nodes: 0
active_processor_count: 8
cpu_quota: -1
cpu_period: 100000
cpu_shares: -1
memory_limit_in_bytes: -1
memory_and_swap_limit_in_bytes: -2
memory_soft_limit_in_bytes: -1
memory_usage_in_bytes: 5026439168
memory_max_usage_in_bytes: 0


CPU:total 8 (initial active 8) (4 cores per cpu, 2 threads per core) family 6 model 142 stepping 10, cmov, cx8, fxsr, mmx, sse, sse2, sse3, ssse3, sse4.1, sse4.2, popcnt, avx, avx2, aes, clmul, erms, 3dnowpref, lzcnt, ht, tsc, tscinvbit, bmi1, bmi2, adx, fma
CPU Model and flags from /proc/cpuinfo:
model name	: Intel(R) Core(TM) i5-8250U CPU @ 1.60GHz
flags		: fpu vme de pse tsc msr pae mce cx8 apic sep mtrr pge mca cmov pat pse36 clflush dts acpi mmx fxsr sse sse2 ss ht tm pbe syscall nx pdpe1gb rdtscp lm constant_tsc art arch_perfmon pebs bts rep_good nopl xtopology nonstop_tsc cpuid aperfmperf tsc_known_freq pni pclmulqdq dtes64 monitor ds_cpl vmx est tm2 ssse3 sdbg fma cx16 xtpr pdcm pcid sse4_1 sse4_2 x2apic movbe popcnt tsc_deadline_timer aes xsave avx f16c rdrand lahf_lm abm 3dnowprefetch cpuid_fault epb invpcid_single pti ssbd ibrs ibpb stibp tpr_shadow vnmi flexpriority ept vpid fsgsbase tsc_adjust bmi1 avx2 smep bmi2 erms invpcid mpx rdseed adx smap clflushopt intel_pt xsaveopt xsavec xgetbv1 xsaves dtherm ida arat pln pts hwp hwp_notify hwp_act_window hwp_epp flush_l1d

Memory: 4k page, physical 8041484k(2830108k free), swap 15625212k(15625212k free)

vm_info: OpenJDK 64-Bit Server VM (10.0.2+13-Ubuntu-1ubuntu0.18.04.2) for linux-amd64 JRE (10.0.2+13-Ubuntu-1ubuntu0.18.04.2), built on Aug 24 2018 17:36:24 by "buildd" with gcc 7.3.0

END.
