#
# A fatal error has been detected by the Java Runtime Environment:
#
#  SIGSEGV (0xb) at pc=0x00007fa98bb4ee4f, pid=10486, tid=10495
#
# JRE version: OpenJDK Runtime Environment (10.0.2+13) (build 10.0.2+13-Ubuntu-1ubuntu0.18.04.2)
# Java VM: OpenJDK 64-Bit Server VM (10.0.2+13-Ubuntu-1ubuntu0.18.04.2, mixed mode, tiered, compressed oops, g1 gc, linux-amd64)
# Problematic frame:
# j  aufgabe3.Evaluator.eval(Ljava/lang/String;)Ljava/lang/Double;+18
#
# Core dump will be written. Default location: Core dumps may be processed with "/usr/share/apport/apport %p %s %c %d %P" (or dumping to /home/blank/IdeaProjects/Prog2Exercises/core.10486)
#
# If you would like to submit a bug report, please visit:
#   http://bugreport.java.com/bugreport/crash.jsp
#

---------------  S U M M A R Y ------------

Command Line: -agentlib:jdwp=transport=dt_socket,address=127.0.0.1:42207,suspend=y,server=n -javaagent:/opt/intellij-idea-community/lib/rt/debugger-agent.jar=file:/tmp/capture1.props -Dfile.encoding=UTF-8 aufgabe3.Evaluator

Host: Intel(R) Core(TM) i5-8250U CPU @ 1.60GHz, 8 cores, 7G, Ubuntu 18.04.1 LTS
Time: Tue Oct 30 21:47:56 2018 CET elapsed time: 6812 seconds (0d 1h 53m 32s)

---------------  T H R E A D  ---------------

Current thread (0x00007fa9a4015800):  JavaThread "main" [_thread_in_Java, id=10495, stack(0x00007fa9ad675000,0x00007fa9ad776000)]

Stack: [0x00007fa9ad675000,0x00007fa9ad776000],  sp=0x00007fa9ad7748e0,  free space=1022k
Native frames: (J=compiled Java code, A=aot compiled Java code, j=interpreted, Vv=VM code, C=native code)
j  aufgabe3.Evaluator.eval(Ljava/lang/String;)Ljava/lang/Double;+18
j  aufgabe3.Evaluator.main([Ljava/lang/String;)V+21
v  ~StubRoutines::call_stub
V  [libjvm.so+0x83d38f]
V  [libjvm.so+0x85c3cd]
V  [libjvm.so+0x85e60e]
C  [libjli.so+0x4aa0]
C  [libjli.so+0x89dd]
C  [libpthread.so.0+0x76db]  start_thread+0xdb


siginfo: si_signo: 11 (SIGSEGV), si_code: 2 (SEGV_ACCERR), si_addr: 0x00007fa93fbd4e08

Register to memory mapping:

RAX=0x000000008cd92b78 is an oop
aufgabe3.Tokenizer 
{0x000000008cd92b78} - klass: 'aufgabe3/Tokenizer'
RBX=0x00000000000000b6 is an unknown value
RCX=0x00007fa93fa70d60 is pointing into metadata
RDX=0x000000000002c810 is an unknown value
RSP=0x00007fa9ad7748e0 is pointing into the stack for thread: 0x00007fa9a4015800
RBP=0x00007fa9ad774948 is pointing into the stack for thread: 0x00007fa9a4015800
RSI=0x0000000000000001 is an unknown value
RDI=0x0000000000000000 is an unknown value
R8 =0x0000000000000000 is an unknown value
R9 =0x0000000000000002 is an unknown value
R10=0x00007fa9ac927880: <offset 0x00000000012d4880> in /usr/lib/jvm/java-11-openjdk-amd64/lib/server/libjvm.so at 0x00007fa9ab653000
R11=0x0000000000000000 is an unknown value
R12=0x0000000000000000 is an unknown value
R13=0x00007fa93fa6f9f2 is pointing into metadata
R14=0x00007fa9ad774958 is pointing into the stack for thread: 0x00007fa9a4015800
R15=0x00007fa9a4015800 is a thread


Registers:
RAX=0x000000008cd92b78, RBX=0x00000000000000b6, RCX=0x00007fa93fa70d60, RDX=0x000000000002c810
RSP=0x00007fa9ad7748e0, RBP=0x00007fa9ad774948, RSI=0x0000000000000001, RDI=0x0000000000000000
R8 =0x0000000000000000, R9 =0x0000000000000002, R10=0x00007fa9ac927880, R11=0x0000000000000000
R12=0x0000000000000000, R13=0x00007fa93fa6f9f2, R14=0x00007fa9ad774958, R15=0x00007fa9a4015800
RIP=0x00007fa98bb4ee4f, EFLAGS=0x0000000000010202, CSGSFS=0x002b000000000033, ERR=0x0000000000000004
  TRAPNO=0x000000000000000e

Top of Stack: (sp=0x00007fa9ad7748e0)
0x00007fa9ad7748e0:   000000008cd92b78 000000008cd901b8
0x00007fa9ad7748f0:   000000008cd92b68 000000008cd92b68
0x00007fa9ad774900:   00007fa9ad774900 00007fa93fa6f9f2
0x00007fa9ad774910:   00007fa9ad774958 00007fa93fa70d60 

Instructions: (pc=0x00007fa98bb4ee4f)
0x00007fa98bb4ee2f:   00 00 00 00 00 4c 89 54 24 08 e9 01 00 00 00 50
0x00007fa98bb4ee3f:   4c 89 6d c0 41 0f b7 55 01 48 8b 4d d0 c1 e2 02
0x00007fa98bb4ee4f:   8b 5c d1 28 c1 eb 18 81 e3 ff 00 00 00 81 fb b6
0x00007fa98bb4ee5f:   00 00 00 0f 84 3f 01 00 00 bb b6 00 00 00 e8 05 

invokevirtual  182 invokevirtual  [0x00007fa98bb4ee00, 0x00007fa98bb4f380]  1408 bytes

---------------  P R O C E S S  ---------------

Threads class SMR info:
_java_thread_list=0x00007fa8fc0019d0, length=12, elements={
0x00007fa9a4015800, 0x00007fa9a416f800, 0x00007fa9a4171800, 0x00007fa9a4182000,
0x00007fa9a4184800, 0x00007fa9a4186800, 0x00007fa9a4188800, 0x00007fa9a418a000,
0x00007fa9a418b800, 0x00007fa9a4242000, 0x00007fa9a427a800, 0x00007fa9a42e0000
}

Java Threads: ( => current thread )
=>0x00007fa9a4015800 JavaThread "main" [_thread_in_Java, id=10495, stack(0x00007fa9ad675000,0x00007fa9ad776000)]
  0x00007fa9a416f800 JavaThread "Reference Handler" daemon [_thread_blocked, id=10541, stack(0x00007fa93f3f9000,0x00007fa93f4fa000)]
  0x00007fa9a4171800 JavaThread "Finalizer" daemon [_thread_blocked, id=10542, stack(0x00007fa93f2f8000,0x00007fa93f3f9000)]
  0x00007fa9a4182000 JavaThread "Signal Dispatcher" daemon [_thread_blocked, id=10543, stack(0x00007fa93f1f7000,0x00007fa93f2f8000)]
  0x00007fa9a4184800 JavaThread "C2 CompilerThread0" daemon [_thread_blocked, id=10544, stack(0x00007fa93f0f6000,0x00007fa93f1f7000)]
  0x00007fa9a4186800 JavaThread "C2 CompilerThread1" daemon [_thread_blocked, id=10545, stack(0x00007fa93eff5000,0x00007fa93f0f6000)]
  0x00007fa9a4188800 JavaThread "C2 CompilerThread2" daemon [_thread_blocked, id=10546, stack(0x00007fa93eef4000,0x00007fa93eff5000)]
  0x00007fa9a418a000 JavaThread "C1 CompilerThread3" daemon [_thread_blocked, id=10547, stack(0x00007fa93edf3000,0x00007fa93eef4000)]
  0x00007fa9a418b800 JavaThread "Sweeper thread" daemon [_thread_blocked, id=10548, stack(0x00007fa93ecf2000,0x00007fa93edf3000)]
  0x00007fa9a4242000 JavaThread "JDWP Event Helper Thread" daemon [_thread_blocked, id=10552, stack(0x00007fa93e8ea000,0x00007fa93e9eb000)]
  0x00007fa9a427a800 JavaThread "Common-Cleaner" daemon [_thread_blocked, id=10555, stack(0x00007fa93e6e8000,0x00007fa93e7e9000)]
  0x00007fa9a42e0000 JavaThread "Service Thread" daemon [_thread_blocked, id=10556, stack(0x00007fa93e1bd000,0x00007fa93e2be000)]

Other Threads:
  0x00007fa9a4165800 VMThread "VM Thread" [stack: 0x00007fa93f4fc000,0x00007fa93f5fc000] [id=10540]
  0x00007fa9a42e3800 WatcherThread [stack: 0x00007fa93e0bd000,0x00007fa93e1bd000] [id=10557]
  0x00007fa9a402e800 GCTaskThread "GC Thread#0" [stack: 0x00007fa9a9030000,0x00007fa9a9130000] [id=10498]
  0x00007fa9a4030000 GCTaskThread "GC Thread#1" [stack: 0x00007fa9a8f2e000,0x00007fa9a902e000] [id=10499]
  0x00007fa9a4031800 GCTaskThread "GC Thread#2" [stack: 0x00007fa9a8e2c000,0x00007fa9a8f2c000] [id=10500]
  0x00007fa9a4033000 GCTaskThread "GC Thread#3" [stack: 0x00007fa9a8d2a000,0x00007fa9a8e2a000] [id=10511]
  0x00007fa9a4035000 GCTaskThread "GC Thread#4" [stack: 0x00007fa9a8c28000,0x00007fa9a8d28000] [id=10512]
  0x00007fa9a4036800 GCTaskThread "GC Thread#5" [stack: 0x00007fa9a8b26000,0x00007fa9a8c26000] [id=10514]
  0x00007fa9a4038800 GCTaskThread "GC Thread#6" [stack: 0x00007fa9a8a24000,0x00007fa9a8b24000] [id=10517]
  0x00007fa9a403a000 GCTaskThread "GC Thread#7" [stack: 0x00007fa9a8922000,0x00007fa9a8a22000] [id=10519]
  0x00007fa9a4063800 ConcurrentGCThread "G1 Main Marker" [stack: 0x00007fa9a8018000,0x00007fa9a8118000] [id=10522]
  0x00007fa9a4065000 ConcurrentGCThread "G1 Conc#0" [stack: 0x00007fa988ff4000,0x00007fa9890f4000] [id=10523]
  0x00007fa9a4067000 ConcurrentGCThread "G1 Conc#1" [stack: 0x00007fa988ef2000,0x00007fa988ff2000] [id=10525]
  0x00007fa9a40cf800 ConcurrentGCThread "G1 Refine#0" [stack: 0x00007fa9885e8000,0x00007fa9886e8000] [id=10528]
  0x00007fa9a40d1000 ConcurrentGCThread "G1 Refine#1" [stack: 0x00007fa9884e6000,0x00007fa9885e6000] [id=10529]
  0x00007fa9a40d3000 ConcurrentGCThread "G1 Refine#2" [stack: 0x00007fa9883e4000,0x00007fa9884e4000] [id=10530]
  0x00007fa9a40d4800 ConcurrentGCThread "G1 Refine#3" [stack: 0x00007fa9882e2000,0x00007fa9883e2000] [id=10531]
  0x00007fa9a40d6800 ConcurrentGCThread "G1 Refine#4" [stack: 0x00007fa9881e0000,0x00007fa9882e0000] [id=10534]
  0x00007fa9a40d8000 ConcurrentGCThread "G1 Refine#5" [stack: 0x00007fa9880de000,0x00007fa9881de000] [id=10535]
  0x00007fa9a40d9800 ConcurrentGCThread "G1 Refine#6" [stack: 0x00007fa968050000,0x00007fa968150000] [id=10537]
  0x00007fa9a40db800 ConcurrentGCThread "G1 Refine#7" [stack: 0x00007fa93ff00000,0x00007fa940000000] [id=10538]
  0x00007fa9a40dd000 ConcurrentGCThread "G1 Young RemSet Sampling" [stack: 0x00007fa93fdfe000,0x00007fa93fefe000] [id=10539]

Threads with active compile tasks:

VM state:not at safepoint (normal execution)

VM Mutex/Monitor currently owned by a thread: None

Heap address: 0x0000000085400000, size: 1964 MB, Compressed Oops mode: 32-bit
Narrow klass base: 0x0000000000000000, Narrow klass shift: 3
Compressed class space size: 1073741824 Address: 0x0000000100000000

Heap:
 garbage-first heap   total 126976K, used 2048K [0x0000000085400000, 0x0000000100000000)
  region size 1024K, 3 young (3072K), 0 survivors (0K)
 Metaspace       used 5174K, capacity 5296K, committed 5376K, reserved 1056768K
  class space    used 421K, capacity 464K, committed 512K, reserved 1048576K
Heap Regions: E=young(eden), S=young(survivor), O=old, HS=humongous(starts), HC=humongous(continues), CS=collection set, F=free, A=archive, TS=gc time stamp, AC=allocation context, TAMS=top-at-mark-start (previous, next)
|   0|0x0000000085400000, 0x0000000085400000, 0x0000000085500000|  0%| F|  |TS  0|AC  0|TAMS 0x0000000085400000, 0x0000000085400000|
|   1|0x0000000085500000, 0x0000000085500000, 0x0000000085600000|  0%| F|  |TS  0|AC  0|TAMS 0x0000000085500000, 0x0000000085500000|
|   2|0x0000000085600000, 0x0000000085600000, 0x0000000085700000|  0%| F|  |TS  0|AC  0|TAMS 0x0000000085600000, 0x0000000085600000|
|   3|0x0000000085700000, 0x0000000085700000, 0x0000000085800000|  0%| F|  |TS  0|AC  0|TAMS 0x0000000085700000, 0x0000000085700000|
|   4|0x0000000085800000, 0x0000000085800000, 0x0000000085900000|  0%| F|  |TS  0|AC  0|TAMS 0x0000000085800000, 0x0000000085800000|
|   5|0x0000000085900000, 0x0000000085900000, 0x0000000085a00000|  0%| F|  |TS  0|AC  0|TAMS 0x0000000085900000, 0x0000000085900000|
|   6|0x0000000085a00000, 0x0000000085a00000, 0x0000000085b00000|  0%| F|  |TS  0|AC  0|TAMS 0x0000000085a00000, 0x0000000085a00000|
|   7|0x0000000085b00000, 0x0000000085b00000, 0x0000000085c00000|  0%| F|  |TS  0|AC  0|TAMS 0x0000000085b00000, 0x0000000085b00000|
|   8|0x0000000085c00000, 0x0000000085c00000, 0x0000000085d00000|  0%| F|  |TS  0|AC  0|TAMS 0x0000000085c00000, 0x0000000085c00000|
|   9|0x0000000085d00000, 0x0000000085d00000, 0x0000000085e00000|  0%| F|  |TS  0|AC  0|TAMS 0x0000000085d00000, 0x0000000085d00000|
|  10|0x0000000085e00000, 0x0000000085e00000, 0x0000000085f00000|  0%| F|  |TS  0|AC  0|TAMS 0x0000000085e00000, 0x0000000085e00000|
|  11|0x0000000085f00000, 0x0000000085f00000, 0x0000000086000000|  0%| F|  |TS  0|AC  0|TAMS 0x0000000085f00000, 0x0000000085f00000|
|  12|0x0000000086000000, 0x0000000086000000, 0x0000000086100000|  0%| F|  |TS  0|AC  0|TAMS 0x0000000086000000, 0x0000000086000000|
|  13|0x0000000086100000, 0x0000000086100000, 0x0000000086200000|  0%| F|  |TS  0|AC  0|TAMS 0x0000000086100000, 0x0000000086100000|
|  14|0x0000000086200000, 0x0000000086200000, 0x0000000086300000|  0%| F|  |TS  0|AC  0|TAMS 0x0000000086200000, 0x0000000086200000|
|  15|0x0000000086300000, 0x0000000086300000, 0x0000000086400000|  0%| F|  |TS  0|AC  0|TAMS 0x0000000086300000, 0x0000000086300000|
|  16|0x0000000086400000, 0x0000000086400000, 0x0000000086500000|  0%| F|  |TS  0|AC  0|TAMS 0x0000000086400000, 0x0000000086400000|
|  17|0x0000000086500000, 0x0000000086500000, 0x0000000086600000|  0%| F|  |TS  0|AC  0|TAMS 0x0000000086500000, 0x0000000086500000|
|  18|0x0000000086600000, 0x0000000086600000, 0x0000000086700000|  0%| F|  |TS  0|AC  0|TAMS 0x0000000086600000, 0x0000000086600000|
|  19|0x0000000086700000, 0x0000000086700000, 0x0000000086800000|  0%| F|  |TS  0|AC  0|TAMS 0x0000000086700000, 0x0000000086700000|
|  20|0x0000000086800000, 0x0000000086800000, 0x0000000086900000|  0%| F|  |TS  0|AC  0|TAMS 0x0000000086800000, 0x0000000086800000|
|  21|0x0000000086900000, 0x0000000086900000, 0x0000000086a00000|  0%| F|  |TS  0|AC  0|TAMS 0x0000000086900000, 0x0000000086900000|
|  22|0x0000000086a00000, 0x0000000086a00000, 0x0000000086b00000|  0%| F|  |TS  0|AC  0|TAMS 0x0000000086a00000, 0x0000000086a00000|
|  23|0x0000000086b00000, 0x0000000086b00000, 0x0000000086c00000|  0%| F|  |TS  0|AC  0|TAMS 0x0000000086b00000, 0x0000000086b00000|
|  24|0x0000000086c00000, 0x0000000086c00000, 0x0000000086d00000|  0%| F|  |TS  0|AC  0|TAMS 0x0000000086c00000, 0x0000000086c00000|
|  25|0x0000000086d00000, 0x0000000086d00000, 0x0000000086e00000|  0%| F|  |TS  0|AC  0|TAMS 0x0000000086d00000, 0x0000000086d00000|
|  26|0x0000000086e00000, 0x0000000086e00000, 0x0000000086f00000|  0%| F|  |TS  0|AC  0|TAMS 0x0000000086e00000, 0x0000000086e00000|
|  27|0x0000000086f00000, 0x0000000086f00000, 0x0000000087000000|  0%| F|  |TS  0|AC  0|TAMS 0x0000000086f00000, 0x0000000086f00000|
|  28|0x0000000087000000, 0x0000000087000000, 0x0000000087100000|  0%| F|  |TS  0|AC  0|TAMS 0x0000000087000000, 0x0000000087000000|
|  29|0x0000000087100000, 0x0000000087100000, 0x0000000087200000|  0%| F|  |TS  0|AC  0|TAMS 0x0000000087100000, 0x0000000087100000|
|  30|0x0000000087200000, 0x0000000087200000, 0x0000000087300000|  0%| F|  |TS  0|AC  0|TAMS 0x0000000087200000, 0x0000000087200000|
|  31|0x0000000087300000, 0x0000000087300000, 0x0000000087400000|  0%| F|  |TS  0|AC  0|TAMS 0x0000000087300000, 0x0000000087300000|
|  32|0x0000000087400000, 0x0000000087400000, 0x0000000087500000|  0%| F|  |TS  0|AC  0|TAMS 0x0000000087400000, 0x0000000087400000|
|  33|0x0000000087500000, 0x0000000087500000, 0x0000000087600000|  0%| F|  |TS  0|AC  0|TAMS 0x0000000087500000, 0x0000000087500000|
|  34|0x0000000087600000, 0x0000000087600000, 0x0000000087700000|  0%| F|  |TS  0|AC  0|TAMS 0x0000000087600000, 0x0000000087600000|
|  35|0x0000000087700000, 0x0000000087700000, 0x0000000087800000|  0%| F|  |TS  0|AC  0|TAMS 0x0000000087700000, 0x0000000087700000|
|  36|0x0000000087800000, 0x0000000087800000, 0x0000000087900000|  0%| F|  |TS  0|AC  0|TAMS 0x0000000087800000, 0x0000000087800000|
|  37|0x0000000087900000, 0x0000000087900000, 0x0000000087a00000|  0%| F|  |TS  0|AC  0|TAMS 0x0000000087900000, 0x0000000087900000|
|  38|0x0000000087a00000, 0x0000000087a00000, 0x0000000087b00000|  0%| F|  |TS  0|AC  0|TAMS 0x0000000087a00000, 0x0000000087a00000|
|  39|0x0000000087b00000, 0x0000000087b00000, 0x0000000087c00000|  0%| F|  |TS  0|AC  0|TAMS 0x0000000087b00000, 0x0000000087b00000|
|  40|0x0000000087c00000, 0x0000000087c00000, 0x0000000087d00000|  0%| F|  |TS  0|AC  0|TAMS 0x0000000087c00000, 0x0000000087c00000|
|  41|0x0000000087d00000, 0x0000000087d00000, 0x0000000087e00000|  0%| F|  |TS  0|AC  0|TAMS 0x0000000087d00000, 0x0000000087d00000|
|  42|0x0000000087e00000, 0x0000000087e00000, 0x0000000087f00000|  0%| F|  |TS  0|AC  0|TAMS 0x0000000087e00000, 0x0000000087e00000|
|  43|0x0000000087f00000, 0x0000000087f00000, 0x0000000088000000|  0%| F|  |TS  0|AC  0|TAMS 0x0000000087f00000, 0x0000000087f00000|
|  44|0x0000000088000000, 0x0000000088000000, 0x0000000088100000|  0%| F|  |TS  0|AC  0|TAMS 0x0000000088000000, 0x0000000088000000|
|  45|0x0000000088100000, 0x0000000088100000, 0x0000000088200000|  0%| F|  |TS  0|AC  0|TAMS 0x0000000088100000, 0x0000000088100000|
|  46|0x0000000088200000, 0x0000000088200000, 0x0000000088300000|  0%| F|  |TS  0|AC  0|TAMS 0x0000000088200000, 0x0000000088200000|
|  47|0x0000000088300000, 0x0000000088300000, 0x0000000088400000|  0%| F|  |TS  0|AC  0|TAMS 0x0000000088300000, 0x0000000088300000|
|  48|0x0000000088400000, 0x0000000088400000, 0x0000000088500000|  0%| F|  |TS  0|AC  0|TAMS 0x0000000088400000, 0x0000000088400000|
|  49|0x0000000088500000, 0x0000000088500000, 0x0000000088600000|  0%| F|  |TS  0|AC  0|TAMS 0x0000000088500000, 0x0000000088500000|
|  50|0x0000000088600000, 0x0000000088600000, 0x0000000088700000|  0%| F|  |TS  0|AC  0|TAMS 0x0000000088600000, 0x0000000088600000|
|  51|0x0000000088700000, 0x0000000088700000, 0x0000000088800000|  0%| F|  |TS  0|AC  0|TAMS 0x0000000088700000, 0x0000000088700000|
|  52|0x0000000088800000, 0x0000000088800000, 0x0000000088900000|  0%| F|  |TS  0|AC  0|TAMS 0x0000000088800000, 0x0000000088800000|
|  53|0x0000000088900000, 0x0000000088900000, 0x0000000088a00000|  0%| F|  |TS  0|AC  0|TAMS 0x0000000088900000, 0x0000000088900000|
|  54|0x0000000088a00000, 0x0000000088a00000, 0x0000000088b00000|  0%| F|  |TS  0|AC  0|TAMS 0x0000000088a00000, 0x0000000088a00000|
|  55|0x0000000088b00000, 0x0000000088b00000, 0x0000000088c00000|  0%| F|  |TS  0|AC  0|TAMS 0x0000000088b00000, 0x0000000088b00000|
|  56|0x0000000088c00000, 0x0000000088c00000, 0x0000000088d00000|  0%| F|  |TS  0|AC  0|TAMS 0x0000000088c00000, 0x0000000088c00000|
|  57|0x0000000088d00000, 0x0000000088d00000, 0x0000000088e00000|  0%| F|  |TS  0|AC  0|TAMS 0x0000000088d00000, 0x0000000088d00000|
|  58|0x0000000088e00000, 0x0000000088e00000, 0x0000000088f00000|  0%| F|  |TS  0|AC  0|TAMS 0x0000000088e00000, 0x0000000088e00000|
|  59|0x0000000088f00000, 0x0000000088f00000, 0x0000000089000000|  0%| F|  |TS  0|AC  0|TAMS 0x0000000088f00000, 0x0000000088f00000|
|  60|0x0000000089000000, 0x0000000089000000, 0x0000000089100000|  0%| F|  |TS  0|AC  0|TAMS 0x0000000089000000, 0x0000000089000000|
|  61|0x0000000089100000, 0x0000000089100000, 0x0000000089200000|  0%| F|  |TS  0|AC  0|TAMS 0x0000000089100000, 0x0000000089100000|
|  62|0x0000000089200000, 0x0000000089200000, 0x0000000089300000|  0%| F|  |TS  0|AC  0|TAMS 0x0000000089200000, 0x0000000089200000|
|  63|0x0000000089300000, 0x0000000089300000, 0x0000000089400000|  0%| F|  |TS  0|AC  0|TAMS 0x0000000089300000, 0x0000000089300000|
|  64|0x0000000089400000, 0x0000000089400000, 0x0000000089500000|  0%| F|  |TS  0|AC  0|TAMS 0x0000000089400000, 0x0000000089400000|
|  65|0x0000000089500000, 0x0000000089500000, 0x0000000089600000|  0%| F|  |TS  0|AC  0|TAMS 0x0000000089500000, 0x0000000089500000|
|  66|0x0000000089600000, 0x0000000089600000, 0x0000000089700000|  0%| F|  |TS  0|AC  0|TAMS 0x0000000089600000, 0x0000000089600000|
|  67|0x0000000089700000, 0x0000000089700000, 0x0000000089800000|  0%| F|  |TS  0|AC  0|TAMS 0x0000000089700000, 0x0000000089700000|
|  68|0x0000000089800000, 0x0000000089800000, 0x0000000089900000|  0%| F|  |TS  0|AC  0|TAMS 0x0000000089800000, 0x0000000089800000|
|  69|0x0000000089900000, 0x0000000089900000, 0x0000000089a00000|  0%| F|  |TS  0|AC  0|TAMS 0x0000000089900000, 0x0000000089900000|
|  70|0x0000000089a00000, 0x0000000089a00000, 0x0000000089b00000|  0%| F|  |TS  0|AC  0|TAMS 0x0000000089a00000, 0x0000000089a00000|
|  71|0x0000000089b00000, 0x0000000089b00000, 0x0000000089c00000|  0%| F|  |TS  0|AC  0|TAMS 0x0000000089b00000, 0x0000000089b00000|
|  72|0x0000000089c00000, 0x0000000089c00000, 0x0000000089d00000|  0%| F|  |TS  0|AC  0|TAMS 0x0000000089c00000, 0x0000000089c00000|
|  73|0x0000000089d00000, 0x0000000089d00000, 0x0000000089e00000|  0%| F|  |TS  0|AC  0|TAMS 0x0000000089d00000, 0x0000000089d00000|
|  74|0x0000000089e00000, 0x0000000089e00000, 0x0000000089f00000|  0%| F|  |TS  0|AC  0|TAMS 0x0000000089e00000, 0x0000000089e00000|
|  75|0x0000000089f00000, 0x0000000089f00000, 0x000000008a000000|  0%| F|  |TS  0|AC  0|TAMS 0x0000000089f00000, 0x0000000089f00000|
|  76|0x000000008a000000, 0x000000008a000000, 0x000000008a100000|  0%| F|  |TS  0|AC  0|TAMS 0x000000008a000000, 0x000000008a000000|
|  77|0x000000008a100000, 0x000000008a100000, 0x000000008a200000|  0%| F|  |TS  0|AC  0|TAMS 0x000000008a100000, 0x000000008a100000|
|  78|0x000000008a200000, 0x000000008a200000, 0x000000008a300000|  0%| F|  |TS  0|AC  0|TAMS 0x000000008a200000, 0x000000008a200000|
|  79|0x000000008a300000, 0x000000008a300000, 0x000000008a400000|  0%| F|  |TS  0|AC  0|TAMS 0x000000008a300000, 0x000000008a300000|
|  80|0x000000008a400000, 0x000000008a400000, 0x000000008a500000|  0%| F|  |TS  0|AC  0|TAMS 0x000000008a400000, 0x000000008a400000|
|  81|0x000000008a500000, 0x000000008a500000, 0x000000008a600000|  0%| F|  |TS  0|AC  0|TAMS 0x000000008a500000, 0x000000008a500000|
|  82|0x000000008a600000, 0x000000008a600000, 0x000000008a700000|  0%| F|  |TS  0|AC  0|TAMS 0x000000008a600000, 0x000000008a600000|
|  83|0x000000008a700000, 0x000000008a700000, 0x000000008a800000|  0%| F|  |TS  0|AC  0|TAMS 0x000000008a700000, 0x000000008a700000|
|  84|0x000000008a800000, 0x000000008a800000, 0x000000008a900000|  0%| F|  |TS  0|AC  0|TAMS 0x000000008a800000, 0x000000008a800000|
|  85|0x000000008a900000, 0x000000008a900000, 0x000000008aa00000|  0%| F|  |TS  0|AC  0|TAMS 0x000000008a900000, 0x000000008a900000|
|  86|0x000000008aa00000, 0x000000008aa00000, 0x000000008ab00000|  0%| F|  |TS  0|AC  0|TAMS 0x000000008aa00000, 0x000000008aa00000|
|  87|0x000000008ab00000, 0x000000008ab00000, 0x000000008ac00000|  0%| F|  |TS  0|AC  0|TAMS 0x000000008ab00000, 0x000000008ab00000|
|  88|0x000000008ac00000, 0x000000008ac00000, 0x000000008ad00000|  0%| F|  |TS  0|AC  0|TAMS 0x000000008ac00000, 0x000000008ac00000|
|  89|0x000000008ad00000, 0x000000008ad00000, 0x000000008ae00000|  0%| F|  |TS  0|AC  0|TAMS 0x000000008ad00000, 0x000000008ad00000|
|  90|0x000000008ae00000, 0x000000008ae00000, 0x000000008af00000|  0%| F|  |TS  0|AC  0|TAMS 0x000000008ae00000, 0x000000008ae00000|
|  91|0x000000008af00000, 0x000000008af00000, 0x000000008b000000|  0%| F|  |TS  0|AC  0|TAMS 0x000000008af00000, 0x000000008af00000|
|  92|0x000000008b000000, 0x000000008b000000, 0x000000008b100000|  0%| F|  |TS  0|AC  0|TAMS 0x000000008b000000, 0x000000008b000000|
|  93|0x000000008b100000, 0x000000008b100000, 0x000000008b200000|  0%| F|  |TS  0|AC  0|TAMS 0x000000008b100000, 0x000000008b100000|
|  94|0x000000008b200000, 0x000000008b200000, 0x000000008b300000|  0%| F|  |TS  0|AC  0|TAMS 0x000000008b200000, 0x000000008b200000|
|  95|0x000000008b300000, 0x000000008b300000, 0x000000008b400000|  0%| F|  |TS  0|AC  0|TAMS 0x000000008b300000, 0x000000008b300000|
|  96|0x000000008b400000, 0x000000008b400000, 0x000000008b500000|  0%| F|  |TS  0|AC  0|TAMS 0x000000008b400000, 0x000000008b400000|
|  97|0x000000008b500000, 0x000000008b500000, 0x000000008b600000|  0%| F|  |TS  0|AC  0|TAMS 0x000000008b500000, 0x000000008b500000|
|  98|0x000000008b600000, 0x000000008b600000, 0x000000008b700000|  0%| F|  |TS  0|AC  0|TAMS 0x000000008b600000, 0x000000008b600000|
|  99|0x000000008b700000, 0x000000008b700000, 0x000000008b800000|  0%| F|  |TS  0|AC  0|TAMS 0x000000008b700000, 0x000000008b700000|
| 100|0x000000008b800000, 0x000000008b800000, 0x000000008b900000|  0%| F|  |TS  0|AC  0|TAMS 0x000000008b800000, 0x000000008b800000|
| 101|0x000000008b900000, 0x000000008b900000, 0x000000008ba00000|  0%| F|  |TS  0|AC  0|TAMS 0x000000008b900000, 0x000000008b900000|
| 102|0x000000008ba00000, 0x000000008ba00000, 0x000000008bb00000|  0%| F|  |TS  0|AC  0|TAMS 0x000000008ba00000, 0x000000008ba00000|
| 103|0x000000008bb00000, 0x000000008bb00000, 0x000000008bc00000|  0%| F|  |TS  0|AC  0|TAMS 0x000000008bb00000, 0x000000008bb00000|
| 104|0x000000008bc00000, 0x000000008bc00000, 0x000000008bd00000|  0%| F|  |TS  0|AC  0|TAMS 0x000000008bc00000, 0x000000008bc00000|
| 105|0x000000008bd00000, 0x000000008bd00000, 0x000000008be00000|  0%| F|  |TS  0|AC  0|TAMS 0x000000008bd00000, 0x000000008bd00000|
| 106|0x000000008be00000, 0x000000008be00000, 0x000000008bf00000|  0%| F|  |TS  0|AC  0|TAMS 0x000000008be00000, 0x000000008be00000|
| 107|0x000000008bf00000, 0x000000008bf00000, 0x000000008c000000|  0%| F|  |TS  0|AC  0|TAMS 0x000000008bf00000, 0x000000008bf00000|
| 108|0x000000008c000000, 0x000000008c000000, 0x000000008c100000|  0%| F|  |TS  0|AC  0|TAMS 0x000000008c000000, 0x000000008c000000|
| 109|0x000000008c100000, 0x000000008c100000, 0x000000008c200000|  0%| F|  |TS  0|AC  0|TAMS 0x000000008c100000, 0x000000008c100000|
| 110|0x000000008c200000, 0x000000008c200000, 0x000000008c300000|  0%| F|  |TS  0|AC  0|TAMS 0x000000008c200000, 0x000000008c200000|
| 111|0x000000008c300000, 0x000000008c300000, 0x000000008c400000|  0%| F|  |TS  0|AC  0|TAMS 0x000000008c300000, 0x000000008c300000|
| 112|0x000000008c400000, 0x000000008c400000, 0x000000008c500000|  0%| F|  |TS  0|AC  0|TAMS 0x000000008c400000, 0x000000008c400000|
| 113|0x000000008c500000, 0x000000008c500000, 0x000000008c600000|  0%| F|  |TS  0|AC  0|TAMS 0x000000008c500000, 0x000000008c500000|
| 114|0x000000008c600000, 0x000000008c600000, 0x000000008c700000|  0%| F|  |TS  0|AC  0|TAMS 0x000000008c600000, 0x000000008c600000|
| 115|0x000000008c700000, 0x000000008c700000, 0x000000008c800000|  0%| F|  |TS  0|AC  0|TAMS 0x000000008c700000, 0x000000008c700000|
| 116|0x000000008c800000, 0x000000008c800000, 0x000000008c900000|  0%| F|  |TS  0|AC  0|TAMS 0x000000008c800000, 0x000000008c800000|
| 117|0x000000008c900000, 0x000000008c900000, 0x000000008ca00000|  0%| F|  |TS  0|AC  0|TAMS 0x000000008c900000, 0x000000008c900000|
| 118|0x000000008ca00000, 0x000000008ca00000, 0x000000008cb00000|  0%| F|  |TS  0|AC  0|TAMS 0x000000008ca00000, 0x000000008ca00000|
| 119|0x000000008cb00000, 0x000000008cb00000, 0x000000008cc00000|  0%| F|  |TS  0|AC  0|TAMS 0x000000008cb00000, 0x000000008cb00000|
| 120|0x000000008cc00000, 0x000000008cc00000, 0x000000008cd00000|  0%| F|  |TS  0|AC  0|TAMS 0x000000008cc00000, 0x000000008cc00000|
| 121|0x000000008cd00000, 0x000000008ce00000, 0x000000008ce00000|100%| E|  |TS  0|AC  0|TAMS 0x000000008cd00000, 0x000000008cd00000|
| 122|0x000000008ce00000, 0x000000008cf00000, 0x000000008cf00000|100%| E|CS|TS  0|AC  0|TAMS 0x000000008ce00000, 0x000000008ce00000|
| 123|0x000000008cf00000, 0x000000008d000000, 0x000000008d000000|100%| E|CS|TS  0|AC  0|TAMS 0x000000008cf00000, 0x000000008cf00000|

Card table byte_map: [0x00007fa98b37a000,0x00007fa98b750000] byte_map_base: 0x00007fa98af50000

Marking Bits (Prev, Next): (CMBitMap*) 0x00007fa9a4062a10, (CMBitMap*) 0x00007fa9a4062a48
 Prev Bits: [0x00007fa9890f4000, 0x00007fa98afa4000)
 Next Bits: [0x00007fa96a150000, 0x00007fa96c000000)

Polling page: 0x00007fa9ad799000

CodeHeap 'non-profiled nmethods': size=120032Kb used=54Kb max_used=54Kb free=119977Kb
 bounds [0x00007fa9935ee000, 0x00007fa99385e000, 0x00007fa99ab26000]
CodeHeap 'profiled nmethods': size=120028Kb used=186Kb max_used=186Kb free=119841Kb
 bounds [0x00007fa98c0b7000, 0x00007fa98c327000, 0x00007fa9935ee000]
CodeHeap 'non-nmethods': size=5700Kb used=1070Kb max_used=1081Kb free=4629Kb
 bounds [0x00007fa98bb26000, 0x00007fa98bd96000, 0x00007fa98c0b7000]
 total_blobs=506 nmethods=150 adapters=201
 compilation: enabled

Compilation events (10 events):
Event: 0,292 Thread 0x00007fa9a418a000  146       3       java.lang.AbstractStringBuilder::isLatin1 (19 bytes)
Event: 0,292 Thread 0x00007fa9a418a000 nmethod 146 0x00007fa98c0e3910 code [0x00007fa98c0e3ac0, 0x00007fa98c0e3c90]
Event: 0,292 Thread 0x00007fa9a418a000  147       3       java.lang.String::startsWith (138 bytes)
Event: 0,293 Thread 0x00007fa9a418a000 nmethod 147 0x00007fa98c0e3d10 code [0x00007fa98c0e3f60, 0x00007fa98c0e4950]
Event: 0,293 Thread 0x00007fa9a418a000  148       3       java.lang.String::getBytes (44 bytes)
Event: 0,294 Thread 0x00007fa9a418a000 nmethod 148 0x00007fa98c0e4c90 code [0x00007fa98c0e4e80, 0x00007fa98c0e5238]
Event: 0,295 Thread 0x00007fa9a418a000  149       3       java.util.concurrent.ConcurrentHashMap::setTabAt (20 bytes)
Event: 0,296 Thread 0x00007fa9a418a000 nmethod 149 0x00007fa98c0e5410 code [0x00007fa98c0e55c0, 0x00007fa98c0e58b0]
Event: 0,296 Thread 0x00007fa9a4188800  150       4       java.lang.String::charAt (25 bytes)
Event: 0,297 Thread 0x00007fa9a4188800 nmethod 150 0x00007fa9935fb490 code [0x00007fa9935fb620, 0x00007fa9935fb758]

GC Heap History (0 events):
No events

Deoptimization events (1 events):
Event: 0,239 Thread 0x00007fa9a4015800 Uncommon trap: reason=unstable_if action=reinterpret pc=0x00007fa9935f0124 method=java.lang.String.hashCode()I @ 14 c2

Classes redefined (10 events):
Event: 13,592 Thread 0x00007fa9a4165800 redefined class name=aufgabe3.Evaluator, count=1
Event: 62,853 Thread 0x00007fa9a4165800 redefined class name=aufgabe3.Evaluator, count=2
Event: 670,734 Thread 0x00007fa9a4165800 redefined class name=aufgabe3.Evaluator, count=3
Event: 1731,241 Thread 0x00007fa9a4165800 redefined class name=aufgabe3.Evaluator, count=4
Event: 2008,588 Thread 0x00007fa9a4165800 redefined class name=aufgabe3.Evaluator, count=5
Event: 5090,641 Thread 0x00007fa9a4165800 redefined class name=aufgabe3.Evaluator, count=6
Event: 5125,334 Thread 0x00007fa9a4165800 redefined class name=aufgabe3.Evaluator, count=7
Event: 6608,589 Thread 0x00007fa9a4165800 redefined class name=aufgabe3.Evaluator, count=8
Event: 6620,195 Thread 0x00007fa9a4165800 redefined class name=aufgabe3.Evaluator, count=9
Event: 6686,454 Thread 0x00007fa9a4165800 redefined class name=aufgabe3.Evaluator, count=10

Internal exceptions (0 events):
No events

Events (10 events):
Event: 6812,314 Executing VM operation: ChangeBreakpoints done
Event: 6812,315 Executing VM operation: ChangeBreakpoints
Event: 6812,315 Executing VM operation: ChangeBreakpoints done
Event: 6812,315 Executing VM operation: ChangeBreakpoints
Event: 6812,315 Executing VM operation: ChangeBreakpoints done
Event: 6812,315 Executing VM operation: ChangeBreakpoints
Event: 6812,315 Executing VM operation: ChangeBreakpoints done
Event: 6812,315 loading class aufgabe3/Tokenizer
Event: 6812,315 loading class aufgabe3/Tokenizer done
Event: 6812,315 Thread 0x00007fa9a423e800 Thread exited: 0x00007fa9a423e800


Dynamic libraries:
85400000-8d000000 rw-p 00000000 00:00 0 
8d000000-100000000 ---p 00000000 00:00 0 
100000000-100080000 rw-p 00000000 00:00 0 
100080000-140000000 ---p 00000000 00:00 0 
55abbd71c000-55abbd71d000 r-xp 00000000 103:06 527356                    /usr/lib/jvm/java-11-openjdk-amd64/bin/java
55abbd91d000-55abbd91e000 r--p 00001000 103:06 527356                    /usr/lib/jvm/java-11-openjdk-amd64/bin/java
55abbd91e000-55abbd91f000 rw-p 00002000 103:06 527356                    /usr/lib/jvm/java-11-openjdk-amd64/bin/java
55abbda25000-55abbda46000 rw-p 00000000 00:00 0                          [heap]
7fa8f4000000-7fa8f4021000 rw-p 00000000 00:00 0 
7fa8f4021000-7fa8f8000000 ---p 00000000 00:00 0 
7fa8f8000000-7fa8f8021000 rw-p 00000000 00:00 0 
7fa8f8021000-7fa8fc000000 ---p 00000000 00:00 0 
7fa8fc000000-7fa8fc021000 rw-p 00000000 00:00 0 
7fa8fc021000-7fa900000000 ---p 00000000 00:00 0 
7fa900000000-7fa900021000 rw-p 00000000 00:00 0 
7fa900021000-7fa904000000 ---p 00000000 00:00 0 
7fa904000000-7fa904021000 rw-p 00000000 00:00 0 
7fa904021000-7fa908000000 ---p 00000000 00:00 0 
7fa908000000-7fa908021000 rw-p 00000000 00:00 0 
7fa908021000-7fa90c000000 ---p 00000000 00:00 0 
7fa90c000000-7fa90c088000 rw-p 00000000 00:00 0 
7fa90c088000-7fa910000000 ---p 00000000 00:00 0 
7fa910000000-7fa910021000 rw-p 00000000 00:00 0 
7fa910021000-7fa914000000 ---p 00000000 00:00 0 
7fa914000000-7fa9140d0000 rw-p 00000000 00:00 0 
7fa9140d0000-7fa918000000 ---p 00000000 00:00 0 
7fa918000000-7fa91803f000 rw-p 00000000 00:00 0 
7fa91803f000-7fa91c000000 ---p 00000000 00:00 0 
7fa91c000000-7fa91c021000 rw-p 00000000 00:00 0 
7fa91c021000-7fa920000000 ---p 00000000 00:00 0 
7fa920000000-7fa9200d9000 rw-p 00000000 00:00 0 
7fa9200d9000-7fa924000000 ---p 00000000 00:00 0 
7fa924000000-7fa924021000 rw-p 00000000 00:00 0 
7fa924021000-7fa928000000 ---p 00000000 00:00 0 
7fa928000000-7fa928021000 rw-p 00000000 00:00 0 
7fa928021000-7fa92c000000 ---p 00000000 00:00 0 
7fa92c000000-7fa92c021000 rw-p 00000000 00:00 0 
7fa92c021000-7fa930000000 ---p 00000000 00:00 0 
7fa930000000-7fa930021000 rw-p 00000000 00:00 0 
7fa930021000-7fa934000000 ---p 00000000 00:00 0 
7fa934000000-7fa934021000 rw-p 00000000 00:00 0 
7fa934021000-7fa938000000 ---p 00000000 00:00 0 
7fa938000000-7fa938021000 rw-p 00000000 00:00 0 
7fa938021000-7fa93c000000 ---p 00000000 00:00 0 
7fa93e0bb000-7fa93e0bc000 ---p 00000000 00:00 0 
7fa93e0bc000-7fa93e1bd000 rw-p 00000000 00:00 0 
7fa93e1bd000-7fa93e1c1000 ---p 00000000 00:00 0 
7fa93e1c1000-7fa93e2be000 rw-p 00000000 00:00 0 
7fa93e2be000-7fa93e2d5000 r-xp 00000000 103:06 527437                    /usr/lib/jvm/java-11-openjdk-amd64/lib/libnet.so
7fa93e2d5000-7fa93e4d4000 ---p 00017000 103:06 527437                    /usr/lib/jvm/java-11-openjdk-amd64/lib/libnet.so
7fa93e4d4000-7fa93e4d5000 r--p 00016000 103:06 527437                    /usr/lib/jvm/java-11-openjdk-amd64/lib/libnet.so
7fa93e4d5000-7fa93e4d6000 rw-p 00017000 103:06 527437                    /usr/lib/jvm/java-11-openjdk-amd64/lib/libnet.so
7fa93e4d6000-7fa93e4e7000 r-xp 00000000 103:06 527438                    /usr/lib/jvm/java-11-openjdk-amd64/lib/libnio.so
7fa93e4e7000-7fa93e6e6000 ---p 00011000 103:06 527438                    /usr/lib/jvm/java-11-openjdk-amd64/lib/libnio.so
7fa93e6e6000-7fa93e6e7000 r--p 00010000 103:06 527438                    /usr/lib/jvm/java-11-openjdk-amd64/lib/libnio.so
7fa93e6e7000-7fa93e6e8000 rw-p 00011000 103:06 527438                    /usr/lib/jvm/java-11-openjdk-amd64/lib/libnio.so
7fa93e6e8000-7fa93e6ec000 ---p 00000000 00:00 0 
7fa93e6ec000-7fa93e7e9000 rw-p 00000000 00:00 0 
7fa93e7e9000-7fa93e7ed000 ---p 00000000 00:00 0 
7fa93e7ed000-7fa93e8ea000 rw-p 00000000 00:00 0 
7fa93e8ea000-7fa93e8ee000 ---p 00000000 00:00 0 
7fa93e8ee000-7fa93e9eb000 rw-p 00000000 00:00 0 
7fa93e9eb000-7fa93e9ef000 ---p 00000000 00:00 0 
7fa93e9ef000-7fa93eaec000 rw-p 00000000 00:00 0 
7fa93eaec000-7fa93eaf1000 r-xp 00000000 103:06 527417                    /usr/lib/jvm/java-11-openjdk-amd64/lib/libdt_socket.so
7fa93eaf1000-7fa93ecf0000 ---p 00005000 103:06 527417                    /usr/lib/jvm/java-11-openjdk-amd64/lib/libdt_socket.so
7fa93ecf0000-7fa93ecf1000 r--p 00004000 103:06 527417                    /usr/lib/jvm/java-11-openjdk-amd64/lib/libdt_socket.so
7fa93ecf1000-7fa93ecf2000 rw-p 00005000 103:06 527417                    /usr/lib/jvm/java-11-openjdk-amd64/lib/libdt_socket.so
7fa93ecf2000-7fa93ecf6000 ---p 00000000 00:00 0 
7fa93ecf6000-7fa93edf3000 rw-p 00000000 00:00 0 
7fa93edf3000-7fa93edf7000 ---p 00000000 00:00 0 
7fa93edf7000-7fa93eef4000 rw-p 00000000 00:00 0 
7fa93eef4000-7fa93eef8000 ---p 00000000 00:00 0 
7fa93eef8000-7fa93eff5000 rw-p 00000000 00:00 0 
7fa93eff5000-7fa93eff9000 ---p 00000000 00:00 0 
7fa93eff9000-7fa93f0f6000 rw-p 00000000 00:00 0 
7fa93f0f6000-7fa93f0fa000 ---p 00000000 00:00 0 
7fa93f0fa000-7fa93f1f7000 rw-p 00000000 00:00 0 
7fa93f1f7000-7fa93f1fb000 ---p 00000000 00:00 0 
7fa93f1fb000-7fa93f2f8000 rw-p 00000000 00:00 0 
7fa93f2f8000-7fa93f2fc000 ---p 00000000 00:00 0 
7fa93f2fc000-7fa93f3f9000 rw-p 00000000 00:00 0 
7fa93f3f9000-7fa93f3fd000 ---p 00000000 00:00 0 
7fa93f3fd000-7fa93f4fa000 rw-p 00000000 00:00 0 
7fa93f4fa000-7fa93f4fb000 ---p 00000000 00:00 0 
7fa93f4fb000-7fa93fabc000 rw-p 00000000 00:00 0 
7fa93fabc000-7fa93fdfc000 ---p 00000000 00:00 0 
7fa93fdfc000-7fa93fdfd000 ---p 00000000 00:00 0 
7fa93fdfd000-7fa93fefe000 rw-p 00000000 00:00 0 
7fa93fefe000-7fa93feff000 ---p 00000000 00:00 0 
7fa93feff000-7fa940000000 rw-p 00000000 00:00 0 
7fa940000000-7fa940021000 rw-p 00000000 00:00 0 
7fa940021000-7fa944000000 ---p 00000000 00:00 0 
7fa944000000-7fa944021000 rw-p 00000000 00:00 0 
7fa944021000-7fa948000000 ---p 00000000 00:00 0 
7fa948000000-7fa948021000 rw-p 00000000 00:00 0 
7fa948021000-7fa94c000000 ---p 00000000 00:00 0 
7fa94c000000-7fa94c021000 rw-p 00000000 00:00 0 
7fa94c021000-7fa950000000 ---p 00000000 00:00 0 
7fa950000000-7fa950021000 rw-p 00000000 00:00 0 
7fa950021000-7fa954000000 ---p 00000000 00:00 0 
7fa954000000-7fa954021000 rw-p 00000000 00:00 0 
7fa954021000-7fa958000000 ---p 00000000 00:00 0 
7fa958000000-7fa958021000 rw-p 00000000 00:00 0 
7fa958021000-7fa95c000000 ---p 00000000 00:00 0 
7fa95c000000-7fa95c021000 rw-p 00000000 00:00 0 
7fa95c021000-7fa960000000 ---p 00000000 00:00 0 
7fa960000000-7fa960021000 rw-p 00000000 00:00 0 
7fa960021000-7fa964000000 ---p 00000000 00:00 0 
7fa964000000-7fa964021000 rw-p 00000000 00:00 0 
7fa964021000-7fa968000000 ---p 00000000 00:00 0 
7fa96804e000-7fa96804f000 ---p 00000000 00:00 0 
7fa96804f000-7fa96a340000 rw-p 00000000 00:00 0 
7fa96a340000-7fa96c000000 ---p 00000000 00:00 0 
7fa96c000000-7fa96c021000 rw-p 00000000 00:00 0 
7fa96c021000-7fa970000000 ---p 00000000 00:00 0 
7fa970000000-7fa970021000 rw-p 00000000 00:00 0 
7fa970021000-7fa974000000 ---p 00000000 00:00 0 
7fa974000000-7fa974021000 rw-p 00000000 00:00 0 
7fa974021000-7fa978000000 ---p 00000000 00:00 0 
7fa978000000-7fa978021000 rw-p 00000000 00:00 0 
7fa978021000-7fa97c000000 ---p 00000000 00:00 0 
7fa97c000000-7fa97c021000 rw-p 00000000 00:00 0 
7fa97c021000-7fa980000000 ---p 00000000 00:00 0 
7fa980000000-7fa980021000 rw-p 00000000 00:00 0 
7fa980021000-7fa984000000 ---p 00000000 00:00 0 
7fa984000000-7fa984021000 rw-p 00000000 00:00 0 
7fa984021000-7fa988000000 ---p 00000000 00:00 0 
7fa98800b000-7fa9880dc000 rw-p 00000000 00:00 0 
7fa9880dc000-7fa9880dd000 ---p 00000000 00:00 0 
7fa9880dd000-7fa9881de000 rw-p 00000000 00:00 0 
7fa9881de000-7fa9881df000 ---p 00000000 00:00 0 
7fa9881df000-7fa9882e0000 rw-p 00000000 00:00 0 
7fa9882e0000-7fa9882e1000 ---p 00000000 00:00 0 
7fa9882e1000-7fa9883e2000 rw-p 00000000 00:00 0 
7fa9883e2000-7fa9883e3000 ---p 00000000 00:00 0 
7fa9883e3000-7fa9884e4000 rw-p 00000000 00:00 0 
7fa9884e4000-7fa9884e5000 ---p 00000000 00:00 0 
7fa9884e5000-7fa9885e6000 rw-p 00000000 00:00 0 
7fa9885e6000-7fa9885e7000 ---p 00000000 00:00 0 
7fa9885e7000-7fa988ef0000 rw-p 00000000 00:00 0 
7fa988ef0000-7fa988ef1000 ---p 00000000 00:00 0 
7fa988ef1000-7fa988ff2000 rw-p 00000000 00:00 0 
7fa988ff2000-7fa988ff3000 ---p 00000000 00:00 0 
7fa988ff3000-7fa9892e4000 rw-p 00000000 00:00 0 
7fa9892e4000-7fa98afa4000 ---p 00000000 00:00 0 
7fa98afa4000-7fa98afe2000 rw-p 00000000 00:00 0 
7fa98afe2000-7fa98b37a000 ---p 00000000 00:00 0 
7fa98b37a000-7fa98b3b8000 rw-p 00000000 00:00 0 
7fa98b3b8000-7fa98b750000 ---p 00000000 00:00 0 
7fa98b750000-7fa98b78e000 rw-p 00000000 00:00 0 
7fa98b78e000-7fa98bb26000 ---p 00000000 00:00 0 
7fa98bb26000-7fa98bd96000 rwxp 00000000 00:00 0 
7fa98bd96000-7fa98c0b7000 ---p 00000000 00:00 0 
7fa98c0b7000-7fa98c327000 rwxp 00000000 00:00 0 
7fa98c327000-7fa9935ee000 ---p 00000000 00:00 0 
7fa9935ee000-7fa99385e000 rwxp 00000000 00:00 0 
7fa99385e000-7fa99ab26000 ---p 00000000 00:00 0 
7fa99ab26000-7fa9a4000000 r--s 00000000 103:06 527447                    /usr/lib/jvm/java-11-openjdk-amd64/lib/modules
7fa9a4000000-7fa9a42ea000 rw-p 00000000 00:00 0 
7fa9a42ea000-7fa9a8000000 ---p 00000000 00:00 0 
7fa9a8016000-7fa9a8017000 ---p 00000000 00:00 0 
7fa9a8017000-7fa9a8920000 rw-p 00000000 00:00 0 
7fa9a8920000-7fa9a8921000 ---p 00000000 00:00 0 
7fa9a8921000-7fa9a8a22000 rw-p 00000000 00:00 0 
7fa9a8a22000-7fa9a8a23000 ---p 00000000 00:00 0 
7fa9a8a23000-7fa9a8b24000 rw-p 00000000 00:00 0 
7fa9a8b24000-7fa9a8b25000 ---p 00000000 00:00 0 
7fa9a8b25000-7fa9a8c26000 rw-p 00000000 00:00 0 
7fa9a8c26000-7fa9a8c27000 ---p 00000000 00:00 0 
7fa9a8c27000-7fa9a8d28000 rw-p 00000000 00:00 0 
7fa9a8d28000-7fa9a8d29000 ---p 00000000 00:00 0 
7fa9a8d29000-7fa9a8e2a000 rw-p 00000000 00:00 0 
7fa9a8e2a000-7fa9a8e2b000 ---p 00000000 00:00 0 
7fa9a8e2b000-7fa9a8f2c000 rw-p 00000000 00:00 0 
7fa9a8f2c000-7fa9a8f2d000 ---p 00000000 00:00 0 
7fa9a8f2d000-7fa9a902e000 rw-p 00000000 00:00 0 
7fa9a902e000-7fa9a902f000 ---p 00000000 00:00 0 
7fa9a902f000-7fa9a9135000 rw-p 00000000 00:00 0 
7fa9a9135000-7fa9a921b000 ---p 00000000 00:00 0 
7fa9a921b000-7fa9a9220000 rw-p 00000000 00:00 0 
7fa9a9220000-7fa9a9306000 ---p 00000000 00:00 0 
7fa9a9306000-7fa9a930b000 r-xp 00000000 103:06 527429                    /usr/lib/jvm/java-11-openjdk-amd64/lib/libjimage.so
7fa9a930b000-7fa9a950a000 ---p 00005000 103:06 527429                    /usr/lib/jvm/java-11-openjdk-amd64/lib/libjimage.so
7fa9a950a000-7fa9a950b000 r--p 00004000 103:06 527429                    /usr/lib/jvm/java-11-openjdk-amd64/lib/libjimage.so
7fa9a950b000-7fa9a950c000 rw-p 00005000 103:06 527429                    /usr/lib/jvm/java-11-openjdk-amd64/lib/libjimage.so
7fa9a950c000-7fa9a9513000 r-xp 00000000 103:06 527446                    /usr/lib/jvm/java-11-openjdk-amd64/lib/libzip.so
7fa9a9513000-7fa9a9712000 ---p 00007000 103:06 527446                    /usr/lib/jvm/java-11-openjdk-amd64/lib/libzip.so
7fa9a9712000-7fa9a9713000 r--p 00006000 103:06 527446                    /usr/lib/jvm/java-11-openjdk-amd64/lib/libzip.so
7fa9a9713000-7fa9a9714000 rw-p 00007000 103:06 527446                    /usr/lib/jvm/java-11-openjdk-amd64/lib/libzip.so
7fa9a9714000-7fa9a971f000 r-xp 00000000 103:06 1054556                   /lib/x86_64-linux-gnu/libnss_files-2.27.so
7fa9a971f000-7fa9a991e000 ---p 0000b000 103:06 1054556                   /lib/x86_64-linux-gnu/libnss_files-2.27.so
7fa9a991e000-7fa9a991f000 r--p 0000a000 103:06 1054556                   /l